00:59:23.999 [main                     ] DEBUG Logger               - Configured Logger
00:59:24.055 [main                     ] DEBUG GameApplication      - Logging settings
Title: Untitled
Version: 0.0
Width: 1280
Height: 720
Fullscreen: false
Intro: false
Profiling: false
Single step:false
App Mode: DEVELOPER
Menu Key: ESCAPE
Stage Style: DECORATED
Scene Factory: class com.almasb.fxgl.app.scene.SceneFactory

00:59:24.809 [JavaFX Application Thread] DEBUG FXGLApplication      - Initializing FXGL
00:59:24.820 [JavaFX Application Thread] INFO  Engine               - FXGL-17.1 (24.03.2022 17.34) on MAC (J:17.0.3.1 FX:18)
00:59:24.820 [JavaFX Application Thread] DEBUG Engine               - JRE Vendor Name: Oracle Corporation
00:59:24.821 [JavaFX Application Thread] DEBUG Engine               - Running on OS: Mac OS X version 12.3.1
00:59:24.821 [JavaFX Application Thread] DEBUG Engine               - Architecture: x86_64
00:59:24.821 [JavaFX Application Thread] INFO  Engine               - Source code and latest versions at: https://github.com/AlmasB/FXGL
00:59:24.821 [JavaFX Application Thread] INFO  Engine               -       Ask questions and discuss at: https://github.com/AlmasB/FXGL/discussions
00:59:24.822 [JavaFX Application Thread] INFO  Engine               -              Join the FXGL chat at: https://gitter.im/AlmasB/FXGL
00:59:25.189 [JavaFX Application Thread] DEBUG PrimaryStageWindow   - Creating a JavaFX scene
00:59:25.262 [JavaFX Application Thread] DEBUG PrimaryStageWindow   - Target settings size: 1280.0 x 720.0
00:59:25.262 [JavaFX Application Thread] DEBUG PrimaryStageWindow   - Scaled scene size:    1280.0 x 720.0
00:59:25.263 [JavaFX Application Thread] DEBUG PrimaryStageWindow   - Scaled ratio: (1.0, 1.0)
00:59:25.264 [JavaFX Application Thread] DEBUG PrimaryStageWindow   - Set initial scene to FXGLStartupScene
00:59:25.275 [JavaFX Application Thread] DEBUG PrimaryStageWindow   - Opening main window
00:59:25.390 [JavaFX Application Thread] DEBUG PrimaryStageWindow   - Window border size: (0.0, 28.0)
00:59:25.391 [JavaFX Application Thread] DEBUG PrimaryStageWindow   - Scaled size: 1280.0 x 720.0
00:59:25.391 [JavaFX Application Thread] DEBUG PrimaryStageWindow   - Scaled ratio: (1.0, 1.0)
00:59:25.391 [JavaFX Application Thread] DEBUG PrimaryStageWindow   - Scene size: 1280.0 x 720.0
00:59:25.391 [JavaFX Application Thread] DEBUG PrimaryStageWindow   - Stage size: 1280.0 x 748.0
00:59:25.398 [FXGL Background Thread 1 ] DEBUG Engine               - Initializing environment variables
00:59:25.439 [FXGL Background Thread 1 ] DEBUG FXGLAssetLoaderServi - User app class for loading assets: class de.prog2.uwu.Main
00:59:25.439 [FXGL Background Thread 1 ] DEBUG GameApplicationServi - Applying CSS: fxgl_dark.css
00:59:25.440 [FXGL Background Thread 1 ] DEBUG FXGLAssetLoaderServi - Loading from file system: jar:file:/Users/mark/.m2/repository/com/github/almasb/fxgl/17.1/fxgl-17.1.jar!/fxglassets/ui/css/fxgl_dark.css
00:59:25.732 [FXGL Background Thread 1 ] DEBUG GameApplicationServi - Initializing application scenes
00:59:26.378 [FXGL Background Thread 1 ] DEBUG GameWorld            - Game world initialized
00:59:26.479 [FXGL Background Thread 1 ] DEBUG PhysicsWorld         - Physics world initialized: appHeight=720, physics.ppm=50,0
00:59:26.479 [FXGL Background Thread 1 ] DEBUG PhysicsWorld         - Using strategy: BRUTE_FORCE
00:59:26.485 [FXGL Background Thread 1 ] DEBUG GameScene            - Game scene initialized: 1280x720
00:59:26.501 [FXGL Background Thread 1 ] DEBUG FXGL.DefaultMenu     - createMenuBodyGameMenu()
00:59:26.535 [FXGL Background Thread 1 ] DEBUG FXGL.DefaultMenu     - createOptionsMenu()
00:59:26.552 [FXGL Background Thread 1 ] DEBUG FXGLAssetLoaderServi - Loading from file system: jar:file:/Users/mark/.m2/repository/com/github/almasb/fxgl/17.1/fxgl-17.1.jar!/fxglassets/textures/particles/smoke.png
00:59:26.724 [FXGL Background Thread 1 ] DEBUG FXGLAssetLoaderServi - Loading from file system: jar:file:/Users/mark/.m2/repository/com/github/almasb/fxgl/17.1/fxgl-17.1.jar!/fxglassets/textures/particles/trace_horizontal.png
00:59:26.770 [FXGL Background Thread 1 ] DEBUG GameApplicationServi - Application scenes initialized
00:59:26.797 [FXGL Background Thread 1 ] DEBUG SystemBundleService  - Loading FXGL system data
00:59:26.806 [FXGL Background Thread 1 ] DEBUG FileSystemAccess     - Reading from: /Users/mark/IdeaProjects/webetestin/system/fxgl.bundle
00:59:26.816 [FXGL Background Thread 1 ] DEBUG SystemBundleService  - Bundle FXGL: {}
00:59:26.816 [FXGL Background Thread 1 ] DEBUG UpdaterService       - Checking for updates
00:59:26.829 [FXGL Background Thread 4 ] DEBUG FXGLApplication      - Loading fonts
00:59:26.830 [FXGL Background Thread 4 ] DEBUG FXGLAssetLoaderServi - Loading from file system: jar:file:/Users/mark/.m2/repository/com/github/almasb/fxgl/17.1/fxgl-17.1.jar!/fxglassets/ui/fonts/VarelaRound-Regular.ttf
00:59:26.833 [FXGL Background Thread 1 ] DEBUG FXGLApplication      - Loading default localization
00:59:26.834 [FXGL Background Thread 1 ] DEBUG FXGLAssetLoaderServi - Loading from file system: jar:file:/Users/mark/.m2/repository/com/github/almasb/fxgl/17.1/fxgl-17.1.jar!/fxglassets/languages/english.lang
00:59:26.850 [FXGL Background Thread 4 ] DEBUG FXGLAssetLoaderServi - Loading from file system: jar:file:/Users/mark/.m2/repository/com/github/almasb/fxgl/17.1/fxgl-17.1.jar!/fxglassets/ui/fonts/Abel-Regular.ttf
00:59:26.853 [FXGL Background Thread 4 ] DEBUG FXGLAssetLoaderServi - Loading from file system: jar:file:/Users/mark/.m2/repository/com/github/almasb/fxgl/17.1/fxgl-17.1.jar!/fxglassets/ui/fonts/TerminalLandMono-Regular.otf
00:59:26.858 [FXGL Background Thread 4 ] DEBUG FXGLAssetLoaderServi - Loading from file system: jar:file:/Users/mark/.m2/repository/com/github/almasb/fxgl/17.1/fxgl-17.1.jar!/fxglassets/ui/fonts/Courier-Prime.ttf
00:59:26.864 [JavaFX Application Thread] DEBUG FXGLApplication      - Registering font factories with UI factory
00:59:26.870 [FXGL Background Thread 1 ] INFO  FXGLApplication      - FXGL initialization took: 1,471 sec
00:59:26.871 [JavaFX Application Thread] DEBUG FXGLAssetLoaderServi - Loading from file system: jar:file:/Users/mark/.m2/repository/com/github/almasb/fxgl/17.1/fxgl-17.1.jar!/fxglassets/textures/fxgl_icon.png
00:59:26.912 [JavaFX Application Thread] DEBUG FXGLAssetLoaderServi - Loading from file system: jar:file:/Users/mark/.m2/repository/com/github/almasb/fxgl/17.1/fxgl-17.1.jar!/fxglassets/textures/fxgl_default_cursor.png
00:59:26.926 [JavaFX Application Thread] DEBUG Input                - Registered new binding: Screenshot - CTRL+8
00:59:26.927 [JavaFX Application Thread] DEBUG Input                - Registered new binding: System info dump - CTRL+9
00:59:26.927 [JavaFX Application Thread] DEBUG Input                - Registered new binding: Restart - CTRL+R
00:59:26.928 [JavaFX Application Thread] DEBUG Input                - Registered new binding: Toggle Debug Camera - CTRL+7
00:59:26.930 [JavaFX Application Thread] DEBUG LoopRunner           - Starting loop
00:59:26.930 [JavaFX Application Thread] DEBUG LoopRunner           - Initializing JavaFX AnimationTimerLoop
00:59:26.931 [JavaFX Application Thread] DEBUG GameApplicationServi - Starting new game
00:59:26.932 [JavaFX Application Thread] DEBUG Input                - Clearing active input actions
00:59:26.945 [JavaFX Application Thread] DEBUG GameApplicationServi - Removing overlay from FXGLStartupScene and adding to FXGLLoadingScene
00:59:26.946 [JavaFX Application Thread] DEBUG PrimaryStageWindow   - FXGLStartupScene -> FXGLLoadingScene
00:59:26.946 [JavaFX Application Thread] DEBUG GameApplicationServi - Clearing previous game
00:59:26.946 [JavaFX Application Thread] DEBUG GameScene            - Clearing game scene
00:59:26.946 [JavaFX Application Thread] DEBUG GameWorld            - Clearing game world
00:59:26.947 [JavaFX Application Thread] DEBUG PhysicsWorld         - Clearing physics world
00:59:26.949 [FXGL Background Thread 1 ] DEBUG FXGLApplication      - Initializing game
00:59:26.960 [FXGL Background Thread 1 ] INFO  FXGLApplication      - Game initialization took: 0,011 sec
00:59:27.104 [JavaFX Application Thread] DEBUG Input                - Clearing active input actions
00:59:27.113 [JavaFX Application Thread] DEBUG GameApplicationServi - Removing overlay from FXGLLoadingScene and adding to GameScene
00:59:27.113 [JavaFX Application Thread] DEBUG PrimaryStageWindow   - FXGLLoadingScene -> GameScene
00:59:29.827 [FXGL Background Thread 3 ] DEBUG Engine               - Logging environment variables
00:59:29.828 [FXGL Background Thread 3 ] DEBUG Engine               - achievements: []
00:59:29.828 [FXGL Background Thread 3 ] DEBUG Engine               - actualHeight: 720.0
00:59:29.829 [FXGL Background Thread 3 ] DEBUG Engine               - actualHeightProperty: ReadOnlyDoubleProperty [value: 720.0]
00:59:29.829 [FXGL Background Thread 3 ] DEBUG Engine               - actualWidth: 1280.0
00:59:29.829 [FXGL Background Thread 3 ] DEBUG Engine               - actualWidthProperty: ReadOnlyDoubleProperty [value: 1280.0]
00:59:29.829 [FXGL Background Thread 3 ] DEBUG Engine               - appIcon: fxgl_icon.png
00:59:29.830 [FXGL Background Thread 3 ] DEBUG Engine               - applicationMode: DEVELOPER
00:59:29.830 [FXGL Background Thread 3 ] DEBUG Engine               - cSSList: [fxgl_dark.css]
00:59:29.830 [FXGL Background Thread 3 ] DEBUG Engine               - collisionDetectionStrategy: BRUTE_FORCE
00:59:29.831 [FXGL Background Thread 3 ] DEBUG Engine               - configClass: Optional.empty
00:59:29.831 [FXGL Background Thread 3 ] DEBUG Engine               - credits: []
00:59:29.832 [FXGL Background Thread 3 ] DEBUG Engine               - defaultCursor: CursorInfo(imageName=fxgl_default_cursor.png, hotspotX=7.0, hotspotY=6.0)
00:59:29.833 [FXGL Background Thread 3 ] DEBUG Engine               - devBBoxColorProperty: ObjectProperty [value: 0xff0000ff]
00:59:29.833 [FXGL Background Thread 3 ] DEBUG Engine               - devEnableDebugCameraProperty: BooleanProperty [value: false]
00:59:29.834 [FXGL Background Thread 3 ] DEBUG Engine               - devSensorColorProperty: ObjectProperty [value: 0xffff00ff]
00:59:29.834 [FXGL Background Thread 3 ] DEBUG Engine               - devShowBBoxProperty: BooleanProperty [value: false]
00:59:29.834 [FXGL Background Thread 3 ] DEBUG Engine               - devShowPositionProperty: BooleanProperty [value: false]
00:59:29.834 [FXGL Background Thread 3 ] DEBUG Engine               - enabledMenuItems: []
00:59:29.835 [FXGL Background Thread 3 ] DEBUG Engine               - engineServices: [class com.almasb.fxgl.app.services.FXGLAssetLoaderService, class com.almasb.fxgl.app.FXGLApplication$GameApplicationService, class com.almasb.fxgl.app.services.FXGLDialogService, class com.almasb.fxgl.app.services.IOTaskExecutorService, class com.almasb.fxgl.io.FileSystemService, class com.almasb.fxgl.localization.LocalizationService, class com.almasb.fxgl.app.services.SystemBundleService, class com.almasb.fxgl.profile.SaveLoadService, class com.almasb.fxgl.ui.FXGLUIFactoryServiceProvider, class com.almasb.fxgl.ui.FXGLDialogFactoryServiceProvider, class com.almasb.fxgl.audio.AudioPlayer, class com.almasb.fxgl.notification.impl.NotificationServiceProvider, class com.almasb.fxgl.achievement.AchievementService, class com.almasb.fxgl.cutscene.CutsceneService, class com.almasb.fxgl.minigames.MiniGameService, class com.almasb.fxgl.net.NetService, class com.almasb.fxgl.app.services.UpdaterService, class com.almasb.fxgl.dev.DevService]
00:59:29.835 [FXGL Background Thread 3 ] DEBUG Engine               - fontGame: Abel-Regular.ttf
00:59:29.835 [FXGL Background Thread 3 ] DEBUG Engine               - fontMono: TerminalLandMono-Regular.otf
00:59:29.835 [FXGL Background Thread 3 ] DEBUG Engine               - fontText: Courier-Prime.ttf
00:59:29.836 [FXGL Background Thread 3 ] DEBUG Engine               - fontUI: VarelaRound-Regular.ttf
00:59:29.836 [FXGL Background Thread 3 ] DEBUG Engine               - fullScreen: BooleanProperty [value: false]
00:59:29.836 [FXGL Background Thread 3 ] DEBUG Engine               - gameDifficulty: MEDIUM
00:59:29.836 [FXGL Background Thread 3 ] DEBUG Engine               - gameDifficultyProperty: ObjectProperty [value: MEDIUM]
00:59:29.836 [FXGL Background Thread 3 ] DEBUG Engine               - globalMusicVolume: 0.5
00:59:29.837 [FXGL Background Thread 3 ] DEBUG Engine               - globalMusicVolumeProperty: DoubleProperty [value: 0.5]
00:59:29.837 [FXGL Background Thread 3 ] DEBUG Engine               - globalSoundVolume: 0.5
00:59:29.837 [FXGL Background Thread 3 ] DEBUG Engine               - globalSoundVolumeProperty: DoubleProperty [value: 0.5]
00:59:29.837 [FXGL Background Thread 3 ] DEBUG Engine               - height: 720
00:59:29.838 [FXGL Background Thread 3 ] DEBUG Engine               - is3D: false
00:59:29.838 [FXGL Background Thread 3 ] DEBUG Engine               - isAndroid: false
00:59:29.838 [FXGL Background Thread 3 ] DEBUG Engine               - isBrowser: false
00:59:29.838 [FXGL Background Thread 3 ] DEBUG Engine               - isClickFeedbackEnabled: false
00:59:29.839 [FXGL Background Thread 3 ] DEBUG Engine               - isCloseConfirmation: false
00:59:29.839 [FXGL Background Thread 3 ] DEBUG Engine               - isDesktop: true
00:59:29.839 [FXGL Background Thread 3 ] DEBUG Engine               - isDeveloperMenuEnabled: false
00:59:29.840 [FXGL Background Thread 3 ] DEBUG Engine               - isEmbedded: false
00:59:29.840 [FXGL Background Thread 3 ] DEBUG Engine               - isEntityPreloadEnabled: true
00:59:29.840 [FXGL Background Thread 3 ] DEBUG Engine               - isExperimentalTiledLargeMap: false
00:59:29.840 [FXGL Background Thread 3 ] DEBUG Engine               - isFileSystemWriteAllowed: true
00:59:29.840 [FXGL Background Thread 3 ] DEBUG Engine               - isFullScreenAllowed: false
00:59:29.840 [FXGL Background Thread 3 ] DEBUG Engine               - isFullScreenFromStart: false
00:59:29.840 [FXGL Background Thread 3 ] DEBUG Engine               - isGameMenuEnabled: true
00:59:29.840 [FXGL Background Thread 3 ] DEBUG Engine               - isIOS: false
00:59:29.840 [FXGL Background Thread 3 ] DEBUG Engine               - isIntroEnabled: false
00:59:29.841 [FXGL Background Thread 3 ] DEBUG Engine               - isLinux: false
00:59:29.841 [FXGL Background Thread 3 ] DEBUG Engine               - isMac: true
00:59:29.842 [FXGL Background Thread 3 ] DEBUG Engine               - isMainMenuEnabled: false
00:59:29.842 [FXGL Background Thread 3 ] DEBUG Engine               - isManualResizeEnabled: false
00:59:29.842 [FXGL Background Thread 3 ] DEBUG Engine               - isMobile: false
00:59:29.842 [FXGL Background Thread 3 ] DEBUG Engine               - isNative: false
00:59:29.842 [FXGL Background Thread 3 ] DEBUG Engine               - isPauseMusicWhenMinimized: true
00:59:29.843 [FXGL Background Thread 3 ] DEBUG Engine               - isPreserveResizeRatio: false
00:59:29.843 [FXGL Background Thread 3 ] DEBUG Engine               - isProfilingEnabled: false
00:59:29.843 [FXGL Background Thread 3 ] DEBUG Engine               - isScaleAffectedOnResize: true
00:59:29.843 [FXGL Background Thread 3 ] DEBUG Engine               - isSingleStep: false
00:59:29.843 [FXGL Background Thread 3 ] DEBUG Engine               - isUserProfileEnabled: false
00:59:29.843 [FXGL Background Thread 3 ] DEBUG Engine               - isWindows: false
00:59:29.844 [FXGL Background Thread 3 ] DEBUG Engine               - language: ObjectProperty [value: ENGLISH]
00:59:29.844 [FXGL Background Thread 3 ] DEBUG Engine               - menuKey: ESCAPE
00:59:29.844 [FXGL Background Thread 3 ] DEBUG Engine               - mouseSensitivity: 0.2
00:59:29.844 [FXGL Background Thread 3 ] DEBUG Engine               - notificationViewClass: class com.almasb.fxgl.notification.view.XboxNotificationView
00:59:29.844 [FXGL Background Thread 3 ] DEBUG Engine               - pixelsPerMeter: 50.0
00:59:29.844 [FXGL Background Thread 3 ] DEBUG Engine               - platform: MAC
00:59:29.845 [FXGL Background Thread 3 ] DEBUG Engine               - prefHeightProperty: ReadOnlyDoubleProperty [value: 720.0]
00:59:29.845 [FXGL Background Thread 3 ] DEBUG Engine               - prefWidthProperty: ReadOnlyDoubleProperty [value: 1280.0]
00:59:29.845 [FXGL Background Thread 3 ] DEBUG Engine               - profileDir: profiles/
00:59:29.845 [FXGL Background Thread 3 ] DEBUG Engine               - profileName: StringProperty [value: DEFAULT]
00:59:29.845 [FXGL Background Thread 3 ] DEBUG Engine               - randomSeed: -1
00:59:29.845 [FXGL Background Thread 3 ] DEBUG Engine               - runtimeInfo: RuntimeInfo(platform=MAC, version=17.1, build=24.03.2022 17.34)
00:59:29.846 [FXGL Background Thread 3 ] DEBUG Engine               - saveFileExt: sav
00:59:29.846 [FXGL Background Thread 3 ] DEBUG Engine               - scaledHeightProp$fxgl: DoubleProperty [bound, value: 720.0]
00:59:29.846 [FXGL Background Thread 3 ] DEBUG Engine               - scaledWidthProp$fxgl: DoubleProperty [bound, value: 1280.0]
00:59:29.846 [FXGL Background Thread 3 ] DEBUG Engine               - sceneFactory: com.almasb.fxgl.app.scene.SceneFactory@65035a6d
00:59:29.847 [FXGL Background Thread 3 ] DEBUG Engine               - secondsIn24h: 60
00:59:29.847 [FXGL Background Thread 3 ] DEBUG Engine               - soundMenuBack: menu/back.wav
00:59:29.847 [FXGL Background Thread 3 ] DEBUG Engine               - soundMenuPress: menu/press.wav
00:59:29.847 [FXGL Background Thread 3 ] DEBUG Engine               - soundMenuSelect: menu/select.wav
00:59:29.847 [FXGL Background Thread 3 ] DEBUG Engine               - soundNotification: core/notification.wav
00:59:29.847 [FXGL Background Thread 3 ] DEBUG Engine               - stageStyle: DECORATED
00:59:29.848 [FXGL Background Thread 3 ] DEBUG Engine               - supportedLanguages: [ENGLISH, FRENCH, GERMAN, HUNGARIAN, RUSSIAN]
00:59:29.848 [FXGL Background Thread 3 ] DEBUG Engine               - ticksPerSecond: -1
00:59:29.848 [FXGL Background Thread 3 ] DEBUG Engine               - title: Untitled
00:59:29.848 [FXGL Background Thread 3 ] DEBUG Engine               - urlGithub: https://github.com/AlmasB/FXGL
00:59:29.848 [FXGL Background Thread 3 ] DEBUG Engine               - urlLeaderboard: http://fxgl-top.herokuapp.com/
00:59:29.848 [FXGL Background Thread 3 ] DEBUG Engine               - urlPOM: https://raw.githubusercontent.com/AlmasB/FXGL/release/README.md
00:59:29.848 [FXGL Background Thread 3 ] DEBUG Engine               - userAppClass: class de.prog2.uwu.Main
00:59:29.848 [FXGL Background Thread 3 ] DEBUG Engine               - version: 0.0
00:59:29.849 [FXGL Background Thread 3 ] DEBUG Engine               - versionCheckDays: 7
00:59:29.849 [FXGL Background Thread 3 ] DEBUG Engine               - width: 1280
00:59:29.849 [FXGL Background Thread 3 ] DEBUG Engine               - Logging services
00:59:29.849 [FXGL Background Thread 3 ] DEBUG Engine               - class com.almasb.fxgl.app.services.FXGLAssetLoaderService
00:59:29.849 [FXGL Background Thread 3 ] DEBUG Engine               - class com.almasb.fxgl.app.FXGLApplication$GameApplicationService
00:59:29.849 [FXGL Background Thread 3 ] DEBUG Engine               - class com.almasb.fxgl.app.services.FXGLDialogService
00:59:29.849 [FXGL Background Thread 3 ] DEBUG Engine               - class com.almasb.fxgl.app.services.IOTaskExecutorService
00:59:29.850 [FXGL Background Thread 3 ] DEBUG Engine               - class com.almasb.fxgl.io.FileSystemService
00:59:29.850 [FXGL Background Thread 3 ] DEBUG Engine               - class com.almasb.fxgl.localization.LocalizationService
00:59:29.850 [FXGL Background Thread 3 ] DEBUG Engine               - class com.almasb.fxgl.app.services.SystemBundleService
00:59:29.850 [FXGL Background Thread 3 ] DEBUG Engine               - class com.almasb.fxgl.profile.SaveLoadService
00:59:29.850 [FXGL Background Thread 3 ] DEBUG Engine               - class com.almasb.fxgl.ui.FXGLUIFactoryServiceProvider
00:59:29.850 [FXGL Background Thread 3 ] DEBUG Engine               - class com.almasb.fxgl.ui.FXGLDialogFactoryServiceProvider
00:59:29.850 [FXGL Background Thread 3 ] DEBUG Engine               - class com.almasb.fxgl.audio.AudioPlayer
00:59:29.850 [FXGL Background Thread 3 ] DEBUG Engine               - class com.almasb.fxgl.notification.impl.NotificationServiceProvider
00:59:29.850 [FXGL Background Thread 3 ] DEBUG Engine               - class com.almasb.fxgl.achievement.AchievementService
00:59:29.850 [FXGL Background Thread 3 ] DEBUG Engine               - class com.almasb.fxgl.cutscene.CutsceneService
00:59:29.851 [FXGL Background Thread 3 ] DEBUG Engine               - class com.almasb.fxgl.minigames.MiniGameService
00:59:29.851 [FXGL Background Thread 3 ] DEBUG Engine               - class com.almasb.fxgl.net.NetService
00:59:29.851 [FXGL Background Thread 3 ] DEBUG Engine               - class com.almasb.fxgl.app.services.UpdaterService
00:59:29.851 [FXGL Background Thread 3 ] DEBUG Engine               - class com.almasb.fxgl.dev.DevService
00:59:31.906 [JavaFX Application Thread] DEBUG FXGLApplication      - Exiting FXGL
00:59:31.906 [JavaFX Application Thread] DEBUG LoopRunner           - Stopping loop
00:59:31.907 [JavaFX Application Thread] DEBUG SystemBundleService  - Saving FXGL system data
00:59:31.916 [JavaFX Application Thread] DEBUG FileSystemAccess     - Writing to: /Users/mark/IdeaProjects/webetestin/system/fxgl.bundle
00:59:31.918 [JavaFX Application Thread] DEBUG Async                - Shutting down background threads
00:59:31.919 [JavaFX Application Thread] DEBUG PrimaryStageWindow   - Closing main window
00:59:31.929 [JavaFX Application Thread] DEBUG Logger               - Closing Logger
