17:48:25.492 [main                     ] DEBUG Logger               - Configured Logger
17:48:25.553 [main                     ] DEBUG GameApplication      - Logging settings
Title: Untitled
Version: 0.0
Width: 1280
Height: 720
Fullscreen: false
Intro: false
Profiling: false
Single step:false
App Mode: DEVELOPER
Menu Key: ESCAPE
Stage Style: DECORATED
Scene Factory: class com.almasb.fxgl.app.scene.SceneFactory

17:48:26.332 [JavaFX Application Thread] DEBUG FXGLApplication      - Initializing FXGL
17:48:26.342 [JavaFX Application Thread] INFO  Engine               - FXGL-17.1 (24.03.2022 17.34) on MAC (J:17.0.3.1 FX:18)
17:48:26.342 [JavaFX Application Thread] DEBUG Engine               - JRE Vendor Name: Oracle Corporation
17:48:26.343 [JavaFX Application Thread] DEBUG Engine               - Running on OS: Mac OS X version 12.3.1
17:48:26.343 [JavaFX Application Thread] DEBUG Engine               - Architecture: x86_64
17:48:26.343 [JavaFX Application Thread] INFO  Engine               - Source code and latest versions at: https://github.com/AlmasB/FXGL
17:48:26.343 [JavaFX Application Thread] INFO  Engine               -       Ask questions and discuss at: https://github.com/AlmasB/FXGL/discussions
17:48:26.344 [JavaFX Application Thread] INFO  Engine               -              Join the FXGL chat at: https://gitter.im/AlmasB/FXGL
17:48:26.731 [JavaFX Application Thread] DEBUG PrimaryStageWindow   - Creating a JavaFX scene
17:48:26.841 [JavaFX Application Thread] DEBUG PrimaryStageWindow   - Target settings size: 1280.0 x 720.0
17:48:26.842 [JavaFX Application Thread] DEBUG PrimaryStageWindow   - Scaled scene size:    1280.0 x 720.0
17:48:26.842 [JavaFX Application Thread] DEBUG PrimaryStageWindow   - Scaled ratio: (1.0, 1.0)
17:48:26.844 [JavaFX Application Thread] DEBUG PrimaryStageWindow   - Set initial scene to FXGLStartupScene
17:48:26.870 [JavaFX Application Thread] DEBUG PrimaryStageWindow   - Opening main window
17:48:27.276 [JavaFX Application Thread] DEBUG PrimaryStageWindow   - Window border size: (0.0, 28.0)
17:48:27.276 [JavaFX Application Thread] DEBUG PrimaryStageWindow   - Scaled size: 1280.0 x 720.0
17:48:27.277 [JavaFX Application Thread] DEBUG PrimaryStageWindow   - Scaled ratio: (1.0, 1.0)
17:48:27.277 [JavaFX Application Thread] DEBUG PrimaryStageWindow   - Scene size: 1280.0 x 720.0
17:48:27.278 [JavaFX Application Thread] DEBUG PrimaryStageWindow   - Stage size: 1280.0 x 748.0
17:48:27.288 [FXGL Background Thread 1 ] DEBUG Engine               - Initializing environment variables
17:48:27.344 [FXGL Background Thread 1 ] DEBUG FXGLAssetLoaderServi - User app class for loading assets: class de.prog2.uwu.Main
17:48:27.345 [FXGL Background Thread 1 ] DEBUG GameApplicationServi - Applying CSS: fxgl_dark.css
17:48:27.347 [FXGL Background Thread 1 ] DEBUG FXGLAssetLoaderServi - Loading from file system: jar:file:/Users/mark/.m2/repository/com/github/almasb/fxgl/17.1/fxgl-17.1.jar!/fxglassets/ui/css/fxgl_dark.css
17:48:27.537 [FXGL Background Thread 1 ] DEBUG GameApplicationServi - Initializing application scenes
17:48:28.256 [FXGL Background Thread 1 ] DEBUG GameWorld            - Game world initialized
17:48:28.359 [FXGL Background Thread 1 ] DEBUG PhysicsWorld         - Physics world initialized: appHeight=720, physics.ppm=50,0
17:48:28.360 [FXGL Background Thread 1 ] DEBUG PhysicsWorld         - Using strategy: BRUTE_FORCE
17:48:28.365 [FXGL Background Thread 1 ] DEBUG GameScene            - Game scene initialized: 1280x720
17:48:28.389 [FXGL Background Thread 1 ] DEBUG FXGL.DefaultMenu     - createMenuBodyGameMenu()
17:48:28.431 [FXGL Background Thread 1 ] DEBUG FXGL.DefaultMenu     - createOptionsMenu()
17:48:28.452 [FXGL Background Thread 1 ] DEBUG FXGLAssetLoaderServi - Loading from file system: jar:file:/Users/mark/.m2/repository/com/github/almasb/fxgl/17.1/fxgl-17.1.jar!/fxglassets/textures/particles/smoke.png
17:48:28.616 [FXGL Background Thread 1 ] DEBUG FXGLAssetLoaderServi - Loading from file system: jar:file:/Users/mark/.m2/repository/com/github/almasb/fxgl/17.1/fxgl-17.1.jar!/fxglassets/textures/particles/trace_horizontal.png
17:48:28.671 [FXGL Background Thread 1 ] DEBUG GameApplicationServi - Application scenes initialized
17:48:28.692 [FXGL Background Thread 1 ] DEBUG SystemBundleService  - Loading FXGL system data
17:48:28.698 [FXGL Background Thread 1 ] DEBUG FileSystemAccess     - Reading from: /Users/mark/IdeaProjects/webetestin/system/fxgl.bundle
17:48:28.708 [FXGL Background Thread 1 ] DEBUG SystemBundleService  - Bundle FXGL: {}
17:48:28.708 [FXGL Background Thread 1 ] DEBUG UpdaterService       - Checking for updates
17:48:28.718 [FXGL Background Thread 4 ] DEBUG FXGLApplication      - Loading fonts
17:48:28.719 [FXGL Background Thread 4 ] DEBUG FXGLAssetLoaderServi - Loading from file system: jar:file:/Users/mark/.m2/repository/com/github/almasb/fxgl/17.1/fxgl-17.1.jar!/fxglassets/ui/fonts/VarelaRound-Regular.ttf
17:48:28.735 [FXGL Background Thread 1 ] DEBUG FXGLApplication      - Loading default localization
17:48:28.735 [FXGL Background Thread 1 ] DEBUG FXGLAssetLoaderServi - Loading from file system: jar:file:/Users/mark/.m2/repository/com/github/almasb/fxgl/17.1/fxgl-17.1.jar!/fxglassets/languages/english.lang
17:48:28.742 [FXGL Background Thread 4 ] DEBUG FXGLAssetLoaderServi - Loading from file system: jar:file:/Users/mark/.m2/repository/com/github/almasb/fxgl/17.1/fxgl-17.1.jar!/fxglassets/ui/fonts/Abel-Regular.ttf
17:48:28.750 [FXGL Background Thread 4 ] DEBUG FXGLAssetLoaderServi - Loading from file system: jar:file:/Users/mark/.m2/repository/com/github/almasb/fxgl/17.1/fxgl-17.1.jar!/fxglassets/ui/fonts/TerminalLandMono-Regular.otf
17:48:28.758 [FXGL Background Thread 4 ] DEBUG FXGLAssetLoaderServi - Loading from file system: jar:file:/Users/mark/.m2/repository/com/github/almasb/fxgl/17.1/fxgl-17.1.jar!/fxglassets/ui/fonts/Courier-Prime.ttf
17:48:28.765 [JavaFX Application Thread] DEBUG FXGLApplication      - Registering font factories with UI factory
17:48:28.792 [FXGL Background Thread 1 ] INFO  FXGLApplication      - FXGL initialization took: 1,504 sec
17:48:28.793 [JavaFX Application Thread] DEBUG FXGLAssetLoaderServi - Loading from file system: jar:file:/Users/mark/.m2/repository/com/github/almasb/fxgl/17.1/fxgl-17.1.jar!/fxglassets/textures/fxgl_icon.png
17:48:28.839 [JavaFX Application Thread] DEBUG FXGLAssetLoaderServi - Loading from file system: jar:file:/Users/mark/.m2/repository/com/github/almasb/fxgl/17.1/fxgl-17.1.jar!/fxglassets/textures/fxgl_default_cursor.png
17:48:28.872 [JavaFX Application Thread] DEBUG Input                - Registered new binding: Screenshot - CTRL+8
17:48:28.873 [JavaFX Application Thread] DEBUG Input                - Registered new binding: System info dump - CTRL+9
17:48:28.873 [JavaFX Application Thread] DEBUG Input                - Registered new binding: Restart - CTRL+R
17:48:28.874 [JavaFX Application Thread] DEBUG Input                - Registered new binding: Toggle Debug Camera - CTRL+7
17:48:28.879 [JavaFX Application Thread] DEBUG LoopRunner           - Starting loop
17:48:28.879 [JavaFX Application Thread] DEBUG LoopRunner           - Initializing JavaFX AnimationTimerLoop
17:48:28.880 [JavaFX Application Thread] DEBUG GameApplicationServi - Starting new game
17:48:28.881 [JavaFX Application Thread] DEBUG Input                - Clearing active input actions
17:48:28.898 [JavaFX Application Thread] DEBUG GameApplicationServi - Removing overlay from FXGLStartupScene and adding to FXGLLoadingScene
17:48:28.898 [JavaFX Application Thread] DEBUG PrimaryStageWindow   - FXGLStartupScene -> FXGLLoadingScene
17:48:28.898 [JavaFX Application Thread] DEBUG GameApplicationServi - Clearing previous game
17:48:28.899 [JavaFX Application Thread] DEBUG GameScene            - Clearing game scene
17:48:28.899 [JavaFX Application Thread] DEBUG GameWorld            - Clearing game world
17:48:28.899 [JavaFX Application Thread] DEBUG PhysicsWorld         - Clearing physics world
17:48:28.905 [FXGL Background Thread 1 ] DEBUG FXGLApplication      - Initializing game
17:48:28.957 [FXGL Background Thread 1 ] WARN  TMXLevelLoader       - TiledMap generated from 1.0.1. Supported version: 1.4.2. Some features may not be parsed fully.
17:48:29.036 [FXGL Background Thread 1 ] DEBUG TMXLevelLoader       - Parsed TiledMap: file:/Users/mark/IdeaProjects/webetestin/target/classes/assets/levels/tmx/dungeondungeonmap.tmx
17:48:29.037 [FXGL Background Thread 1 ] DEBUG TMXLevelLoader       - Creating tile layer entities
17:48:29.041 [FXGL Background Thread 1 ] DEBUG TilesetLoader        - Loading view for layer Kachelebene 1
17:48:29.042 [FXGL Background Thread 1 ] DEBUG TilesetLoader        - Created buffer with size 560.0x512.0
17:48:29.094 [FXGL Background Thread 1 ] DEBUG TMXLevelLoader       - Creating object layer entities
17:48:29.377 [FXGL Background Thread 1 ] DEBUG GameWorld            - Clearing removable entities
17:48:29.445 [FXGL Background Thread 1 ] DEBUG GameWorld            - Setting level: com.almasb.fxgl.entity.level.Level@465865eb
17:48:29.454 [FXGL Background Thread 1 ] INFO  FXGLApplication      - Game initialization took: 0,549 sec
17:48:29.455 [JavaFX Application Thread] DEBUG Input                - Clearing active input actions
17:48:29.473 [JavaFX Application Thread] DEBUG GameApplicationServi - Removing overlay from FXGLLoadingScene and adding to GameScene
17:48:29.473 [JavaFX Application Thread] DEBUG PrimaryStageWindow   - FXGLLoadingScene -> GameScene
17:48:31.715 [FXGL Background Thread 3 ] DEBUG Engine               - Logging environment variables
17:48:31.716 [FXGL Background Thread 3 ] DEBUG Engine               - achievements: []
17:48:31.716 [FXGL Background Thread 3 ] DEBUG Engine               - actualHeight: 720.0
17:48:31.716 [FXGL Background Thread 3 ] DEBUG Engine               - actualHeightProperty: ReadOnlyDoubleProperty [value: 720.0]
17:48:31.717 [FXGL Background Thread 3 ] DEBUG Engine               - actualWidth: 1280.0
17:48:31.717 [FXGL Background Thread 3 ] DEBUG Engine               - actualWidthProperty: ReadOnlyDoubleProperty [value: 1280.0]
17:48:31.717 [FXGL Background Thread 3 ] DEBUG Engine               - appIcon: fxgl_icon.png
17:48:31.717 [FXGL Background Thread 3 ] DEBUG Engine               - applicationMode: DEVELOPER
17:48:31.717 [FXGL Background Thread 3 ] DEBUG Engine               - cSSList: [fxgl_dark.css]
17:48:31.717 [FXGL Background Thread 3 ] DEBUG Engine               - collisionDetectionStrategy: BRUTE_FORCE
17:48:31.717 [FXGL Background Thread 3 ] DEBUG Engine               - configClass: Optional.empty
17:48:31.718 [FXGL Background Thread 3 ] DEBUG Engine               - credits: []
17:48:31.718 [FXGL Background Thread 3 ] DEBUG Engine               - defaultCursor: CursorInfo(imageName=fxgl_default_cursor.png, hotspotX=7.0, hotspotY=6.0)
17:48:31.718 [FXGL Background Thread 3 ] DEBUG Engine               - devBBoxColorProperty: ObjectProperty [value: 0xff0000ff]
17:48:31.718 [FXGL Background Thread 3 ] DEBUG Engine               - devEnableDebugCameraProperty: BooleanProperty [value: false]
17:48:31.719 [FXGL Background Thread 3 ] DEBUG Engine               - devSensorColorProperty: ObjectProperty [value: 0xffff00ff]
17:48:31.719 [FXGL Background Thread 3 ] DEBUG Engine               - devShowBBoxProperty: BooleanProperty [value: false]
17:48:31.719 [FXGL Background Thread 3 ] DEBUG Engine               - devShowPositionProperty: BooleanProperty [value: false]
17:48:31.719 [FXGL Background Thread 3 ] DEBUG Engine               - enabledMenuItems: []
17:48:31.719 [FXGL Background Thread 3 ] DEBUG Engine               - engineServices: [class com.almasb.fxgl.app.services.FXGLAssetLoaderService, class com.almasb.fxgl.app.FXGLApplication$GameApplicationService, class com.almasb.fxgl.app.services.FXGLDialogService, class com.almasb.fxgl.app.services.IOTaskExecutorService, class com.almasb.fxgl.io.FileSystemService, class com.almasb.fxgl.localization.LocalizationService, class com.almasb.fxgl.app.services.SystemBundleService, class com.almasb.fxgl.profile.SaveLoadService, class com.almasb.fxgl.ui.FXGLUIFactoryServiceProvider, class com.almasb.fxgl.ui.FXGLDialogFactoryServiceProvider, class com.almasb.fxgl.audio.AudioPlayer, class com.almasb.fxgl.notification.impl.NotificationServiceProvider, class com.almasb.fxgl.achievement.AchievementService, class com.almasb.fxgl.cutscene.CutsceneService, class com.almasb.fxgl.minigames.MiniGameService, class com.almasb.fxgl.net.NetService, class com.almasb.fxgl.app.services.UpdaterService, class com.almasb.fxgl.dev.DevService]
17:48:31.719 [FXGL Background Thread 3 ] DEBUG Engine               - fontGame: Abel-Regular.ttf
17:48:31.719 [FXGL Background Thread 3 ] DEBUG Engine               - fontMono: TerminalLandMono-Regular.otf
17:48:31.720 [FXGL Background Thread 3 ] DEBUG Engine               - fontText: Courier-Prime.ttf
17:48:31.720 [FXGL Background Thread 3 ] DEBUG Engine               - fontUI: VarelaRound-Regular.ttf
17:48:31.720 [FXGL Background Thread 3 ] DEBUG Engine               - fullScreen: BooleanProperty [value: false]
17:48:31.720 [FXGL Background Thread 3 ] DEBUG Engine               - gameDifficulty: MEDIUM
17:48:31.720 [FXGL Background Thread 3 ] DEBUG Engine               - gameDifficultyProperty: ObjectProperty [value: MEDIUM]
17:48:31.720 [FXGL Background Thread 3 ] DEBUG Engine               - globalMusicVolume: 0.5
17:48:31.720 [FXGL Background Thread 3 ] DEBUG Engine               - globalMusicVolumeProperty: DoubleProperty [value: 0.5]
17:48:31.721 [FXGL Background Thread 3 ] DEBUG Engine               - globalSoundVolume: 0.5
17:48:31.721 [FXGL Background Thread 3 ] DEBUG Engine               - globalSoundVolumeProperty: DoubleProperty [value: 0.5]
17:48:31.721 [FXGL Background Thread 3 ] DEBUG Engine               - height: 720
17:48:31.721 [FXGL Background Thread 3 ] DEBUG Engine               - is3D: false
17:48:31.721 [FXGL Background Thread 3 ] DEBUG Engine               - isAndroid: false
17:48:31.721 [FXGL Background Thread 3 ] DEBUG Engine               - isBrowser: false
17:48:31.721 [FXGL Background Thread 3 ] DEBUG Engine               - isClickFeedbackEnabled: false
17:48:31.722 [FXGL Background Thread 3 ] DEBUG Engine               - isCloseConfirmation: false
17:48:31.722 [FXGL Background Thread 3 ] DEBUG Engine               - isDesktop: true
17:48:31.722 [FXGL Background Thread 3 ] DEBUG Engine               - isDeveloperMenuEnabled: false
17:48:31.722 [FXGL Background Thread 3 ] DEBUG Engine               - isEmbedded: false
17:48:31.722 [FXGL Background Thread 3 ] DEBUG Engine               - isEntityPreloadEnabled: true
17:48:31.722 [FXGL Background Thread 3 ] DEBUG Engine               - isExperimentalTiledLargeMap: false
17:48:31.722 [FXGL Background Thread 3 ] DEBUG Engine               - isFileSystemWriteAllowed: true
17:48:31.723 [FXGL Background Thread 3 ] DEBUG Engine               - isFullScreenAllowed: false
17:48:31.723 [FXGL Background Thread 3 ] DEBUG Engine               - isFullScreenFromStart: false
17:48:31.723 [FXGL Background Thread 3 ] DEBUG Engine               - isGameMenuEnabled: true
17:48:31.723 [FXGL Background Thread 3 ] DEBUG Engine               - isIOS: false
17:48:31.723 [FXGL Background Thread 3 ] DEBUG Engine               - isIntroEnabled: false
17:48:31.723 [FXGL Background Thread 3 ] DEBUG Engine               - isLinux: false
17:48:31.723 [FXGL Background Thread 3 ] DEBUG Engine               - isMac: true
17:48:31.724 [FXGL Background Thread 3 ] DEBUG Engine               - isMainMenuEnabled: false
17:48:31.724 [FXGL Background Thread 3 ] DEBUG Engine               - isManualResizeEnabled: false
17:48:31.724 [FXGL Background Thread 3 ] DEBUG Engine               - isMobile: false
17:48:31.724 [FXGL Background Thread 3 ] DEBUG Engine               - isNative: false
17:48:31.724 [FXGL Background Thread 3 ] DEBUG Engine               - isPauseMusicWhenMinimized: true
17:48:31.724 [FXGL Background Thread 3 ] DEBUG Engine               - isPreserveResizeRatio: false
17:48:31.724 [FXGL Background Thread 3 ] DEBUG Engine               - isProfilingEnabled: false
17:48:31.724 [FXGL Background Thread 3 ] DEBUG Engine               - isScaleAffectedOnResize: true
17:48:31.724 [FXGL Background Thread 3 ] DEBUG Engine               - isSingleStep: false
17:48:31.725 [FXGL Background Thread 3 ] DEBUG Engine               - isUserProfileEnabled: false
17:48:31.725 [FXGL Background Thread 3 ] DEBUG Engine               - isWindows: false
17:48:31.725 [FXGL Background Thread 3 ] DEBUG Engine               - language: ObjectProperty [value: ENGLISH]
17:48:31.725 [FXGL Background Thread 3 ] DEBUG Engine               - menuKey: ESCAPE
17:48:31.725 [FXGL Background Thread 3 ] DEBUG Engine               - mouseSensitivity: 0.2
17:48:31.725 [FXGL Background Thread 3 ] DEBUG Engine               - notificationViewClass: class com.almasb.fxgl.notification.view.XboxNotificationView
17:48:31.725 [FXGL Background Thread 3 ] DEBUG Engine               - pixelsPerMeter: 50.0
17:48:31.725 [FXGL Background Thread 3 ] DEBUG Engine               - platform: MAC
17:48:31.725 [FXGL Background Thread 3 ] DEBUG Engine               - prefHeightProperty: ReadOnlyDoubleProperty [value: 720.0]
17:48:31.726 [FXGL Background Thread 3 ] DEBUG Engine               - prefWidthProperty: ReadOnlyDoubleProperty [value: 1280.0]
17:48:31.726 [FXGL Background Thread 3 ] DEBUG Engine               - profileDir: profiles/
17:48:31.726 [FXGL Background Thread 3 ] DEBUG Engine               - profileName: StringProperty [value: DEFAULT]
17:48:31.726 [FXGL Background Thread 3 ] DEBUG Engine               - randomSeed: -1
17:48:31.726 [FXGL Background Thread 3 ] DEBUG Engine               - runtimeInfo: RuntimeInfo(platform=MAC, version=17.1, build=24.03.2022 17.34)
17:48:31.726 [FXGL Background Thread 3 ] DEBUG Engine               - saveFileExt: sav
17:48:31.727 [FXGL Background Thread 3 ] DEBUG Engine               - scaledHeightProp$fxgl: DoubleProperty [bound, value: 720.0]
17:48:31.727 [FXGL Background Thread 3 ] DEBUG Engine               - scaledWidthProp$fxgl: DoubleProperty [bound, value: 1280.0]
17:48:31.727 [FXGL Background Thread 3 ] DEBUG Engine               - sceneFactory: com.almasb.fxgl.app.scene.SceneFactory@52777aec
17:48:31.727 [FXGL Background Thread 3 ] DEBUG Engine               - secondsIn24h: 60
17:48:31.727 [FXGL Background Thread 3 ] DEBUG Engine               - soundMenuBack: menu/back.wav
17:48:31.728 [FXGL Background Thread 3 ] DEBUG Engine               - soundMenuPress: menu/press.wav
17:48:31.728 [FXGL Background Thread 3 ] DEBUG Engine               - soundMenuSelect: menu/select.wav
17:48:31.728 [FXGL Background Thread 3 ] DEBUG Engine               - soundNotification: core/notification.wav
17:48:31.728 [FXGL Background Thread 3 ] DEBUG Engine               - stageStyle: DECORATED
17:48:31.728 [FXGL Background Thread 3 ] DEBUG Engine               - supportedLanguages: [ENGLISH, FRENCH, GERMAN, HUNGARIAN, RUSSIAN]
17:48:31.728 [FXGL Background Thread 3 ] DEBUG Engine               - ticksPerSecond: -1
17:48:31.729 [FXGL Background Thread 3 ] DEBUG Engine               - title: Untitled
17:48:31.729 [FXGL Background Thread 3 ] DEBUG Engine               - urlGithub: https://github.com/AlmasB/FXGL
17:48:31.729 [FXGL Background Thread 3 ] DEBUG Engine               - urlLeaderboard: http://fxgl-top.herokuapp.com/
17:48:31.729 [FXGL Background Thread 3 ] DEBUG Engine               - urlPOM: https://raw.githubusercontent.com/AlmasB/FXGL/release/README.md
17:48:31.729 [FXGL Background Thread 3 ] DEBUG Engine               - userAppClass: class de.prog2.uwu.Main
17:48:31.729 [FXGL Background Thread 3 ] DEBUG Engine               - version: 0.0
17:48:31.729 [FXGL Background Thread 3 ] DEBUG Engine               - versionCheckDays: 7
17:48:31.729 [FXGL Background Thread 3 ] DEBUG Engine               - width: 1280
17:48:31.730 [FXGL Background Thread 3 ] DEBUG Engine               - Logging services
17:48:31.730 [FXGL Background Thread 3 ] DEBUG Engine               - class com.almasb.fxgl.app.services.FXGLAssetLoaderService
17:48:31.730 [FXGL Background Thread 3 ] DEBUG Engine               - class com.almasb.fxgl.app.FXGLApplication$GameApplicationService
17:48:31.730 [FXGL Background Thread 3 ] DEBUG Engine               - class com.almasb.fxgl.app.services.FXGLDialogService
17:48:31.730 [FXGL Background Thread 3 ] DEBUG Engine               - class com.almasb.fxgl.app.services.IOTaskExecutorService
17:48:31.730 [FXGL Background Thread 3 ] DEBUG Engine               - class com.almasb.fxgl.io.FileSystemService
17:48:31.730 [FXGL Background Thread 3 ] DEBUG Engine               - class com.almasb.fxgl.localization.LocalizationService
17:48:31.730 [FXGL Background Thread 3 ] DEBUG Engine               - class com.almasb.fxgl.app.services.SystemBundleService
17:48:31.730 [FXGL Background Thread 3 ] DEBUG Engine               - class com.almasb.fxgl.profile.SaveLoadService
17:48:31.731 [FXGL Background Thread 3 ] DEBUG Engine               - class com.almasb.fxgl.ui.FXGLUIFactoryServiceProvider
17:48:31.731 [FXGL Background Thread 3 ] DEBUG Engine               - class com.almasb.fxgl.ui.FXGLDialogFactoryServiceProvider
17:48:31.731 [FXGL Background Thread 3 ] DEBUG Engine               - class com.almasb.fxgl.audio.AudioPlayer
17:48:31.731 [FXGL Background Thread 3 ] DEBUG Engine               - class com.almasb.fxgl.notification.impl.NotificationServiceProvider
17:48:31.731 [FXGL Background Thread 3 ] DEBUG Engine               - class com.almasb.fxgl.achievement.AchievementService
17:48:31.731 [FXGL Background Thread 3 ] DEBUG Engine               - class com.almasb.fxgl.cutscene.CutsceneService
17:48:31.731 [FXGL Background Thread 3 ] DEBUG Engine               - class com.almasb.fxgl.minigames.MiniGameService
17:48:31.732 [FXGL Background Thread 3 ] DEBUG Engine               - class com.almasb.fxgl.net.NetService
17:48:31.732 [FXGL Background Thread 3 ] DEBUG Engine               - class com.almasb.fxgl.app.services.UpdaterService
17:48:31.732 [FXGL Background Thread 3 ] DEBUG Engine               - class com.almasb.fxgl.dev.DevService
17:48:53.033 [JavaFX Application Thread] DEBUG FXGLApplication      - Exiting FXGL
17:48:53.034 [JavaFX Application Thread] DEBUG LoopRunner           - Stopping loop
17:48:53.034 [JavaFX Application Thread] DEBUG SystemBundleService  - Saving FXGL system data
17:48:53.046 [JavaFX Application Thread] DEBUG FileSystemAccess     - Writing to: /Users/mark/IdeaProjects/webetestin/system/fxgl.bundle
17:48:53.049 [JavaFX Application Thread] DEBUG Async                - Shutting down background threads
17:48:53.049 [JavaFX Application Thread] DEBUG PrimaryStageWindow   - Closing main window
17:48:53.058 [JavaFX Application Thread] DEBUG Logger               - Closing Logger
