00:05:45.432 [main                     ] DEBUG Logger               - Configured Logger
00:05:45.495 [main                     ] DEBUG GameApplication      - Logging settings
Title: Untitled
Version: 0.0
Width: 1280
Height: 720
Fullscreen: false
Intro: false
Profiling: false
Single step:false
App Mode: DEVELOPER
Menu Key: ESCAPE
Stage Style: DECORATED
Scene Factory: class com.almasb.fxgl.app.scene.SceneFactory

00:05:46.443 [JavaFX Application Thread] DEBUG FXGLApplication      - Initializing FXGL
00:05:46.454 [JavaFX Application Thread] INFO  Engine               - FXGL-17.1 (24.03.2022 17.34) on MAC (J:17.0.3.1 FX:18)
00:05:46.455 [JavaFX Application Thread] DEBUG Engine               - JRE Vendor Name: Oracle Corporation
00:05:46.455 [JavaFX Application Thread] DEBUG Engine               - Running on OS: Mac OS X version 12.3.1
00:05:46.455 [JavaFX Application Thread] DEBUG Engine               - Architecture: x86_64
00:05:46.455 [JavaFX Application Thread] INFO  Engine               - Source code and latest versions at: https://github.com/AlmasB/FXGL
00:05:46.456 [JavaFX Application Thread] INFO  Engine               -       Ask questions and discuss at: https://github.com/AlmasB/FXGL/discussions
00:05:46.456 [JavaFX Application Thread] INFO  Engine               -              Join the FXGL chat at: https://gitter.im/AlmasB/FXGL
00:05:46.709 [JavaFX Application Thread] DEBUG PrimaryStageWindow   - Creating a JavaFX scene
00:05:46.785 [JavaFX Application Thread] DEBUG PrimaryStageWindow   - Target settings size: 1280.0 x 720.0
00:05:46.786 [JavaFX Application Thread] DEBUG PrimaryStageWindow   - Scaled scene size:    1280.0 x 720.0
00:05:46.787 [JavaFX Application Thread] DEBUG PrimaryStageWindow   - Scaled ratio: (1.0, 1.0)
00:05:46.788 [JavaFX Application Thread] DEBUG PrimaryStageWindow   - Set initial scene to FXGLStartupScene
00:05:46.823 [JavaFX Application Thread] DEBUG PrimaryStageWindow   - Opening main window
00:05:47.055 [JavaFX Application Thread] DEBUG PrimaryStageWindow   - Window border size: (0.0, 28.0)
00:05:47.055 [JavaFX Application Thread] DEBUG PrimaryStageWindow   - Scaled size: 1280.0 x 720.0
00:05:47.055 [JavaFX Application Thread] DEBUG PrimaryStageWindow   - Scaled ratio: (1.0, 1.0)
00:05:47.056 [JavaFX Application Thread] DEBUG PrimaryStageWindow   - Scene size: 1280.0 x 720.0
00:05:47.056 [JavaFX Application Thread] DEBUG PrimaryStageWindow   - Stage size: 1280.0 x 748.0
00:05:47.068 [FXGL Background Thread 1 ] DEBUG Engine               - Initializing environment variables
00:05:47.126 [FXGL Background Thread 1 ] DEBUG FXGLAssetLoaderServi - User app class for loading assets: class de.prog2.uwu.Main
00:05:47.126 [FXGL Background Thread 1 ] DEBUG GameApplicationServi - Applying CSS: fxgl_dark.css
00:05:47.127 [FXGL Background Thread 1 ] DEBUG FXGLAssetLoaderServi - Loading from file system: jar:file:/Users/mark/.m2/repository/com/github/almasb/fxgl/17.1/fxgl-17.1.jar!/fxglassets/ui/css/fxgl_dark.css
00:05:47.254 [FXGL Background Thread 1 ] DEBUG GameApplicationServi - Initializing application scenes
00:05:48.100 [FXGL Background Thread 1 ] DEBUG GameWorld            - Game world initialized
00:05:48.172 [FXGL Background Thread 1 ] DEBUG PhysicsWorld         - Physics world initialized: appHeight=720, physics.ppm=50,0
00:05:48.173 [FXGL Background Thread 1 ] DEBUG PhysicsWorld         - Using strategy: BRUTE_FORCE
00:05:48.177 [FXGL Background Thread 1 ] DEBUG GameScene            - Game scene initialized: 1280x720
00:05:48.199 [FXGL Background Thread 1 ] DEBUG FXGL.DefaultMenu     - createMenuBodyGameMenu()
00:05:48.230 [FXGL Background Thread 1 ] DEBUG FXGL.DefaultMenu     - createOptionsMenu()
00:05:48.254 [FXGL Background Thread 1 ] DEBUG FXGLAssetLoaderServi - Loading from file system: jar:file:/Users/mark/.m2/repository/com/github/almasb/fxgl/17.1/fxgl-17.1.jar!/fxglassets/textures/particles/smoke.png
00:05:48.474 [FXGL Background Thread 1 ] DEBUG FXGLAssetLoaderServi - Loading from file system: jar:file:/Users/mark/.m2/repository/com/github/almasb/fxgl/17.1/fxgl-17.1.jar!/fxglassets/textures/particles/trace_horizontal.png
00:05:48.512 [FXGL Background Thread 1 ] DEBUG GameApplicationServi - Application scenes initialized
00:05:48.528 [FXGL Background Thread 1 ] DEBUG SystemBundleService  - Loading FXGL system data
00:05:48.533 [FXGL Background Thread 1 ] DEBUG FileSystemAccess     - Reading from: /Users/mark/IdeaProjects/webetestin/system/fxgl.bundle
00:05:48.546 [FXGL Background Thread 1 ] DEBUG SystemBundleService  - Bundle FXGL: {}
00:05:48.547 [FXGL Background Thread 1 ] DEBUG UpdaterService       - Checking for updates
00:05:48.557 [FXGL Background Thread 4 ] DEBUG FXGLApplication      - Loading fonts
00:05:48.558 [FXGL Background Thread 4 ] DEBUG FXGLAssetLoaderServi - Loading from file system: jar:file:/Users/mark/.m2/repository/com/github/almasb/fxgl/17.1/fxgl-17.1.jar!/fxglassets/ui/fonts/VarelaRound-Regular.ttf
00:05:48.574 [FXGL Background Thread 1 ] DEBUG FXGLApplication      - Loading default localization
00:05:48.576 [FXGL Background Thread 1 ] DEBUG FXGLAssetLoaderServi - Loading from file system: jar:file:/Users/mark/.m2/repository/com/github/almasb/fxgl/17.1/fxgl-17.1.jar!/fxglassets/languages/english.lang
00:05:48.624 [FXGL Background Thread 4 ] DEBUG FXGLAssetLoaderServi - Loading from file system: jar:file:/Users/mark/.m2/repository/com/github/almasb/fxgl/17.1/fxgl-17.1.jar!/fxglassets/ui/fonts/Abel-Regular.ttf
00:05:48.637 [FXGL Background Thread 4 ] DEBUG FXGLAssetLoaderServi - Loading from file system: jar:file:/Users/mark/.m2/repository/com/github/almasb/fxgl/17.1/fxgl-17.1.jar!/fxglassets/ui/fonts/TerminalLandMono-Regular.otf
00:05:48.650 [FXGL Background Thread 4 ] DEBUG FXGLAssetLoaderServi - Loading from file system: jar:file:/Users/mark/.m2/repository/com/github/almasb/fxgl/17.1/fxgl-17.1.jar!/fxglassets/ui/fonts/Courier-Prime.ttf
00:05:48.658 [JavaFX Application Thread] DEBUG FXGLApplication      - Registering font factories with UI factory
00:05:48.715 [FXGL Background Thread 1 ] INFO  FXGLApplication      - FXGL initialization took: 1,647 sec
00:05:48.718 [JavaFX Application Thread] DEBUG FXGLAssetLoaderServi - Loading from file system: jar:file:/Users/mark/.m2/repository/com/github/almasb/fxgl/17.1/fxgl-17.1.jar!/fxglassets/textures/fxgl_icon.png
00:05:48.779 [JavaFX Application Thread] DEBUG FXGLAssetLoaderServi - Loading from file system: jar:file:/Users/mark/.m2/repository/com/github/almasb/fxgl/17.1/fxgl-17.1.jar!/fxglassets/textures/fxgl_default_cursor.png
00:05:48.910 [JavaFX Application Thread] DEBUG Input                - Registered new binding: Screenshot - CTRL+8
00:05:48.911 [JavaFX Application Thread] DEBUG Input                - Registered new binding: System info dump - CTRL+9
00:05:48.911 [JavaFX Application Thread] DEBUG Input                - Registered new binding: Restart - CTRL+R
00:05:48.912 [JavaFX Application Thread] DEBUG Input                - Registered new binding: Toggle Debug Camera - CTRL+7
00:05:48.914 [JavaFX Application Thread] DEBUG LoopRunner           - Starting loop
00:05:48.915 [JavaFX Application Thread] DEBUG LoopRunner           - Initializing JavaFX AnimationTimerLoop
00:05:48.916 [JavaFX Application Thread] DEBUG GameApplicationServi - Starting new game
00:05:48.916 [JavaFX Application Thread] DEBUG Input                - Clearing active input actions
00:05:48.933 [JavaFX Application Thread] DEBUG GameApplicationServi - Removing overlay from FXGLStartupScene and adding to FXGLLoadingScene
00:05:48.933 [JavaFX Application Thread] DEBUG PrimaryStageWindow   - FXGLStartupScene -> FXGLLoadingScene
00:05:48.934 [JavaFX Application Thread] DEBUG GameApplicationServi - Clearing previous game
00:05:48.934 [JavaFX Application Thread] DEBUG GameScene            - Clearing game scene
00:05:48.934 [JavaFX Application Thread] DEBUG GameWorld            - Clearing game world
00:05:48.935 [JavaFX Application Thread] DEBUG PhysicsWorld         - Clearing physics world
00:05:48.937 [FXGL Background Thread 1 ] DEBUG FXGLApplication      - Initializing game
00:05:48.939 [FXGL Background Thread 1 ] INFO  FXGLApplication      - Game initialization took: 0,001 sec
00:05:49.043 [JavaFX Application Thread] DEBUG Input                - Clearing active input actions
00:05:49.051 [JavaFX Application Thread] DEBUG GameApplicationServi - Removing overlay from FXGLLoadingScene and adding to GameScene
00:05:49.052 [JavaFX Application Thread] DEBUG PrimaryStageWindow   - FXGLLoadingScene -> GameScene
00:05:51.555 [FXGL Background Thread 3 ] DEBUG Engine               - Logging environment variables
00:05:51.556 [FXGL Background Thread 3 ] DEBUG Engine               - achievements: []
00:05:51.556 [FXGL Background Thread 3 ] DEBUG Engine               - actualHeight: 720.0
00:05:51.557 [FXGL Background Thread 3 ] DEBUG Engine               - actualHeightProperty: ReadOnlyDoubleProperty [value: 720.0]
00:05:51.557 [FXGL Background Thread 3 ] DEBUG Engine               - actualWidth: 1280.0
00:05:51.557 [FXGL Background Thread 3 ] DEBUG Engine               - actualWidthProperty: ReadOnlyDoubleProperty [value: 1280.0]
00:05:51.557 [FXGL Background Thread 3 ] DEBUG Engine               - appIcon: fxgl_icon.png
00:05:51.558 [FXGL Background Thread 3 ] DEBUG Engine               - applicationMode: DEVELOPER
00:05:51.558 [FXGL Background Thread 3 ] DEBUG Engine               - cSSList: [fxgl_dark.css]
00:05:51.558 [FXGL Background Thread 3 ] DEBUG Engine               - collisionDetectionStrategy: BRUTE_FORCE
00:05:51.558 [FXGL Background Thread 3 ] DEBUG Engine               - configClass: Optional.empty
00:05:51.558 [FXGL Background Thread 3 ] DEBUG Engine               - credits: []
00:05:51.559 [FXGL Background Thread 3 ] DEBUG Engine               - defaultCursor: CursorInfo(imageName=fxgl_default_cursor.png, hotspotX=7.0, hotspotY=6.0)
00:05:51.559 [FXGL Background Thread 3 ] DEBUG Engine               - devBBoxColorProperty: ObjectProperty [value: 0xff0000ff]
00:05:51.559 [FXGL Background Thread 3 ] DEBUG Engine               - devEnableDebugCameraProperty: BooleanProperty [value: false]
00:05:51.559 [FXGL Background Thread 3 ] DEBUG Engine               - devSensorColorProperty: ObjectProperty [value: 0xffff00ff]
00:05:51.560 [FXGL Background Thread 3 ] DEBUG Engine               - devShowBBoxProperty: BooleanProperty [value: false]
00:05:51.560 [FXGL Background Thread 3 ] DEBUG Engine               - devShowPositionProperty: BooleanProperty [value: false]
00:05:51.560 [FXGL Background Thread 3 ] DEBUG Engine               - enabledMenuItems: []
00:05:51.560 [FXGL Background Thread 3 ] DEBUG Engine               - engineServices: [class com.almasb.fxgl.app.services.FXGLAssetLoaderService, class com.almasb.fxgl.app.FXGLApplication$GameApplicationService, class com.almasb.fxgl.app.services.FXGLDialogService, class com.almasb.fxgl.app.services.IOTaskExecutorService, class com.almasb.fxgl.io.FileSystemService, class com.almasb.fxgl.localization.LocalizationService, class com.almasb.fxgl.app.services.SystemBundleService, class com.almasb.fxgl.profile.SaveLoadService, class com.almasb.fxgl.ui.FXGLUIFactoryServiceProvider, class com.almasb.fxgl.ui.FXGLDialogFactoryServiceProvider, class com.almasb.fxgl.audio.AudioPlayer, class com.almasb.fxgl.notification.impl.NotificationServiceProvider, class com.almasb.fxgl.achievement.AchievementService, class com.almasb.fxgl.cutscene.CutsceneService, class com.almasb.fxgl.minigames.MiniGameService, class com.almasb.fxgl.net.NetService, class com.almasb.fxgl.app.services.UpdaterService, class com.almasb.fxgl.dev.DevService]
00:05:51.560 [FXGL Background Thread 3 ] DEBUG Engine               - fontGame: Abel-Regular.ttf
00:05:51.561 [FXGL Background Thread 3 ] DEBUG Engine               - fontMono: TerminalLandMono-Regular.otf
00:05:51.561 [FXGL Background Thread 3 ] DEBUG Engine               - fontText: Courier-Prime.ttf
00:05:51.561 [FXGL Background Thread 3 ] DEBUG Engine               - fontUI: VarelaRound-Regular.ttf
00:05:51.561 [FXGL Background Thread 3 ] DEBUG Engine               - fullScreen: BooleanProperty [value: false]
00:05:51.561 [FXGL Background Thread 3 ] DEBUG Engine               - gameDifficulty: MEDIUM
00:05:51.561 [FXGL Background Thread 3 ] DEBUG Engine               - gameDifficultyProperty: ObjectProperty [value: MEDIUM]
00:05:51.562 [FXGL Background Thread 3 ] DEBUG Engine               - globalMusicVolume: 0.5
00:05:51.562 [FXGL Background Thread 3 ] DEBUG Engine               - globalMusicVolumeProperty: DoubleProperty [value: 0.5]
00:05:51.562 [FXGL Background Thread 3 ] DEBUG Engine               - globalSoundVolume: 0.5
00:05:51.562 [FXGL Background Thread 3 ] DEBUG Engine               - globalSoundVolumeProperty: DoubleProperty [value: 0.5]
00:05:51.563 [FXGL Background Thread 3 ] DEBUG Engine               - height: 720
00:05:51.563 [FXGL Background Thread 3 ] DEBUG Engine               - is3D: false
00:05:51.563 [FXGL Background Thread 3 ] DEBUG Engine               - isAndroid: false
00:05:51.563 [FXGL Background Thread 3 ] DEBUG Engine               - isBrowser: false
00:05:51.563 [FXGL Background Thread 3 ] DEBUG Engine               - isClickFeedbackEnabled: false
00:05:51.563 [FXGL Background Thread 3 ] DEBUG Engine               - isCloseConfirmation: false
00:05:51.563 [FXGL Background Thread 3 ] DEBUG Engine               - isDesktop: true
00:05:51.563 [FXGL Background Thread 3 ] DEBUG Engine               - isDeveloperMenuEnabled: false
00:05:51.564 [FXGL Background Thread 3 ] DEBUG Engine               - isEmbedded: false
00:05:51.564 [FXGL Background Thread 3 ] DEBUG Engine               - isEntityPreloadEnabled: true
00:05:51.564 [FXGL Background Thread 3 ] DEBUG Engine               - isExperimentalTiledLargeMap: false
00:05:51.564 [FXGL Background Thread 3 ] DEBUG Engine               - isFileSystemWriteAllowed: true
00:05:51.564 [FXGL Background Thread 3 ] DEBUG Engine               - isFullScreenAllowed: false
00:05:51.564 [FXGL Background Thread 3 ] DEBUG Engine               - isFullScreenFromStart: false
00:05:51.564 [FXGL Background Thread 3 ] DEBUG Engine               - isGameMenuEnabled: true
00:05:51.565 [FXGL Background Thread 3 ] DEBUG Engine               - isIOS: false
00:05:51.565 [FXGL Background Thread 3 ] DEBUG Engine               - isIntroEnabled: false
00:05:51.565 [FXGL Background Thread 3 ] DEBUG Engine               - isLinux: false
00:05:51.565 [FXGL Background Thread 3 ] DEBUG Engine               - isMac: true
00:05:51.565 [FXGL Background Thread 3 ] DEBUG Engine               - isMainMenuEnabled: false
00:05:51.566 [FXGL Background Thread 3 ] DEBUG Engine               - isManualResizeEnabled: false
00:05:51.566 [FXGL Background Thread 3 ] DEBUG Engine               - isMobile: false
00:05:51.566 [FXGL Background Thread 3 ] DEBUG Engine               - isNative: false
00:05:51.566 [FXGL Background Thread 3 ] DEBUG Engine               - isPauseMusicWhenMinimized: true
00:05:51.566 [FXGL Background Thread 3 ] DEBUG Engine               - isPreserveResizeRatio: false
00:05:51.566 [FXGL Background Thread 3 ] DEBUG Engine               - isProfilingEnabled: false
00:05:51.566 [FXGL Background Thread 3 ] DEBUG Engine               - isScaleAffectedOnResize: true
00:05:51.567 [FXGL Background Thread 3 ] DEBUG Engine               - isSingleStep: false
00:05:51.567 [FXGL Background Thread 3 ] DEBUG Engine               - isUserProfileEnabled: false
00:05:51.567 [FXGL Background Thread 3 ] DEBUG Engine               - isWindows: false
00:05:51.567 [FXGL Background Thread 3 ] DEBUG Engine               - language: ObjectProperty [value: ENGLISH]
00:05:51.567 [FXGL Background Thread 3 ] DEBUG Engine               - menuKey: ESCAPE
00:05:51.567 [FXGL Background Thread 3 ] DEBUG Engine               - mouseSensitivity: 0.2
00:05:51.568 [FXGL Background Thread 3 ] DEBUG Engine               - notificationViewClass: class com.almasb.fxgl.notification.view.XboxNotificationView
00:05:51.568 [FXGL Background Thread 3 ] DEBUG Engine               - pixelsPerMeter: 50.0
00:05:51.568 [FXGL Background Thread 3 ] DEBUG Engine               - platform: MAC
00:05:51.568 [FXGL Background Thread 3 ] DEBUG Engine               - prefHeightProperty: ReadOnlyDoubleProperty [value: 720.0]
00:05:51.568 [FXGL Background Thread 3 ] DEBUG Engine               - prefWidthProperty: ReadOnlyDoubleProperty [value: 1280.0]
00:05:51.568 [FXGL Background Thread 3 ] DEBUG Engine               - profileDir: profiles/
00:05:51.568 [FXGL Background Thread 3 ] DEBUG Engine               - profileName: StringProperty [value: DEFAULT]
00:05:51.569 [FXGL Background Thread 3 ] DEBUG Engine               - randomSeed: -1
00:05:51.569 [FXGL Background Thread 3 ] DEBUG Engine               - runtimeInfo: RuntimeInfo(platform=MAC, version=17.1, build=24.03.2022 17.34)
00:05:51.569 [FXGL Background Thread 3 ] DEBUG Engine               - saveFileExt: sav
00:05:51.569 [FXGL Background Thread 3 ] DEBUG Engine               - scaledHeightProp$fxgl: DoubleProperty [bound, value: 720.0]
00:05:51.569 [FXGL Background Thread 3 ] DEBUG Engine               - scaledWidthProp$fxgl: DoubleProperty [bound, value: 1280.0]
00:05:51.570 [FXGL Background Thread 3 ] DEBUG Engine               - sceneFactory: com.almasb.fxgl.app.scene.SceneFactory@69cfd64b
00:05:51.570 [FXGL Background Thread 3 ] DEBUG Engine               - secondsIn24h: 60
00:05:51.570 [FXGL Background Thread 3 ] DEBUG Engine               - soundMenuBack: menu/back.wav
00:05:51.570 [FXGL Background Thread 3 ] DEBUG Engine               - soundMenuPress: menu/press.wav
00:05:51.570 [FXGL Background Thread 3 ] DEBUG Engine               - soundMenuSelect: menu/select.wav
00:05:51.570 [FXGL Background Thread 3 ] DEBUG Engine               - soundNotification: core/notification.wav
00:05:51.570 [FXGL Background Thread 3 ] DEBUG Engine               - stageStyle: DECORATED
00:05:51.570 [FXGL Background Thread 3 ] DEBUG Engine               - supportedLanguages: [ENGLISH, FRENCH, GERMAN, HUNGARIAN, RUSSIAN]
00:05:51.570 [FXGL Background Thread 3 ] DEBUG Engine               - ticksPerSecond: -1
00:05:51.570 [FXGL Background Thread 3 ] DEBUG Engine               - title: Untitled
00:05:51.571 [FXGL Background Thread 3 ] DEBUG Engine               - urlGithub: https://github.com/AlmasB/FXGL
00:05:51.571 [FXGL Background Thread 3 ] DEBUG Engine               - urlLeaderboard: http://fxgl-top.herokuapp.com/
00:05:51.571 [FXGL Background Thread 3 ] DEBUG Engine               - urlPOM: https://raw.githubusercontent.com/AlmasB/FXGL/release/README.md
00:05:51.571 [FXGL Background Thread 3 ] DEBUG Engine               - userAppClass: class de.prog2.uwu.Main
00:05:51.571 [FXGL Background Thread 3 ] DEBUG Engine               - version: 0.0
00:05:51.572 [FXGL Background Thread 3 ] DEBUG Engine               - versionCheckDays: 7
00:05:51.572 [FXGL Background Thread 3 ] DEBUG Engine               - width: 1280
00:05:51.572 [FXGL Background Thread 3 ] DEBUG Engine               - Logging services
00:05:51.572 [FXGL Background Thread 3 ] DEBUG Engine               - class com.almasb.fxgl.app.services.FXGLAssetLoaderService
00:05:51.572 [FXGL Background Thread 3 ] DEBUG Engine               - class com.almasb.fxgl.app.FXGLApplication$GameApplicationService
00:05:51.573 [FXGL Background Thread 3 ] DEBUG Engine               - class com.almasb.fxgl.app.services.FXGLDialogService
00:05:51.573 [FXGL Background Thread 3 ] DEBUG Engine               - class com.almasb.fxgl.app.services.IOTaskExecutorService
00:05:51.573 [FXGL Background Thread 3 ] DEBUG Engine               - class com.almasb.fxgl.io.FileSystemService
00:05:51.573 [FXGL Background Thread 3 ] DEBUG Engine               - class com.almasb.fxgl.localization.LocalizationService
00:05:51.573 [FXGL Background Thread 3 ] DEBUG Engine               - class com.almasb.fxgl.app.services.SystemBundleService
00:05:51.573 [FXGL Background Thread 3 ] DEBUG Engine               - class com.almasb.fxgl.profile.SaveLoadService
00:05:51.574 [FXGL Background Thread 3 ] DEBUG Engine               - class com.almasb.fxgl.ui.FXGLUIFactoryServiceProvider
00:05:51.574 [FXGL Background Thread 3 ] DEBUG Engine               - class com.almasb.fxgl.ui.FXGLDialogFactoryServiceProvider
00:05:51.574 [FXGL Background Thread 3 ] DEBUG Engine               - class com.almasb.fxgl.audio.AudioPlayer
00:05:51.574 [FXGL Background Thread 3 ] DEBUG Engine               - class com.almasb.fxgl.notification.impl.NotificationServiceProvider
00:05:51.574 [FXGL Background Thread 3 ] DEBUG Engine               - class com.almasb.fxgl.achievement.AchievementService
00:05:51.574 [FXGL Background Thread 3 ] DEBUG Engine               - class com.almasb.fxgl.cutscene.CutsceneService
00:05:51.574 [FXGL Background Thread 3 ] DEBUG Engine               - class com.almasb.fxgl.minigames.MiniGameService
00:05:51.575 [FXGL Background Thread 3 ] DEBUG Engine               - class com.almasb.fxgl.net.NetService
00:05:51.575 [FXGL Background Thread 3 ] DEBUG Engine               - class com.almasb.fxgl.app.services.UpdaterService
00:05:51.575 [FXGL Background Thread 3 ] DEBUG Engine               - class com.almasb.fxgl.dev.DevService
00:06:03.841 [JavaFX Application Thread] DEBUG FXGLApplication      - Exiting FXGL
00:06:03.842 [JavaFX Application Thread] DEBUG LoopRunner           - Stopping loop
00:06:03.842 [JavaFX Application Thread] DEBUG SystemBundleService  - Saving FXGL system data
00:06:03.846 [JavaFX Application Thread] DEBUG FileSystemAccess     - Writing to: /Users/mark/IdeaProjects/webetestin/system/fxgl.bundle
00:06:03.849 [JavaFX Application Thread] DEBUG Async                - Shutting down background threads
00:06:03.850 [JavaFX Application Thread] DEBUG PrimaryStageWindow   - Closing main window
00:06:03.859 [JavaFX Application Thread] DEBUG Logger               - Closing Logger
