00:56:40.801 [main                     ] DEBUG Logger               - Configured Logger
00:56:40.843 [main                     ] DEBUG GameApplication      - Logging settings
Title: Untitled
Version: 0.0
Width: 1280
Height: 720
Fullscreen: false
Intro: false
Profiling: false
Single step:false
App Mode: DEVELOPER
Menu Key: ESCAPE
Stage Style: DECORATED
Scene Factory: class com.almasb.fxgl.app.scene.SceneFactory

00:56:41.998 [JavaFX Application Thread] DEBUG FXGLApplication      - Initializing FXGL
00:56:42.012 [JavaFX Application Thread] INFO  Engine               - FXGL-17.1 (24.03.2022 17.34) on MAC (J:17.0.3.1 FX:18)
00:56:42.012 [JavaFX Application Thread] DEBUG Engine               - JRE Vendor Name: Oracle Corporation
00:56:42.013 [JavaFX Application Thread] DEBUG Engine               - Running on OS: Mac OS X version 12.3.1
00:56:42.013 [JavaFX Application Thread] DEBUG Engine               - Architecture: x86_64
00:56:42.013 [JavaFX Application Thread] INFO  Engine               - Source code and latest versions at: https://github.com/AlmasB/FXGL
00:56:42.013 [JavaFX Application Thread] INFO  Engine               -       Ask questions and discuss at: https://github.com/AlmasB/FXGL/discussions
00:56:42.014 [JavaFX Application Thread] INFO  Engine               -              Join the FXGL chat at: https://gitter.im/AlmasB/FXGL
00:56:42.420 [JavaFX Application Thread] DEBUG PrimaryStageWindow   - Creating a JavaFX scene
00:56:42.595 [JavaFX Application Thread] DEBUG PrimaryStageWindow   - Target settings size: 1280.0 x 720.0
00:56:42.596 [JavaFX Application Thread] DEBUG PrimaryStageWindow   - Scaled scene size:    1280.0 x 720.0
00:56:42.597 [JavaFX Application Thread] DEBUG PrimaryStageWindow   - Scaled ratio: (1.0, 1.0)
00:56:42.598 [JavaFX Application Thread] DEBUG PrimaryStageWindow   - Set initial scene to FXGLStartupScene
00:56:42.616 [JavaFX Application Thread] DEBUG PrimaryStageWindow   - Opening main window
00:56:42.768 [JavaFX Application Thread] DEBUG PrimaryStageWindow   - Window border size: (0.0, 28.0)
00:56:42.768 [JavaFX Application Thread] DEBUG PrimaryStageWindow   - Scaled size: 1280.0 x 720.0
00:56:42.769 [JavaFX Application Thread] DEBUG PrimaryStageWindow   - Scaled ratio: (1.0, 1.0)
00:56:42.769 [JavaFX Application Thread] DEBUG PrimaryStageWindow   - Scene size: 1280.0 x 720.0
00:56:42.772 [JavaFX Application Thread] DEBUG PrimaryStageWindow   - Stage size: 1280.0 x 748.0
00:56:42.787 [FXGL Background Thread 1 ] DEBUG Engine               - Initializing environment variables
00:56:42.934 [FXGL Background Thread 1 ] DEBUG FXGLAssetLoaderServi - User app class for loading assets: class de.prog2.uwu.Main
00:56:42.935 [FXGL Background Thread 1 ] DEBUG GameApplicationServi - Applying CSS: fxgl_dark.css
00:56:42.936 [FXGL Background Thread 1 ] DEBUG FXGLAssetLoaderServi - Loading from file system: jar:file:/Users/mark/.m2/repository/com/github/almasb/fxgl/17.1/fxgl-17.1.jar!/fxglassets/ui/css/fxgl_dark.css
00:56:43.107 [FXGL Background Thread 1 ] DEBUG GameApplicationServi - Initializing application scenes
00:56:43.644 [FXGL Background Thread 1 ] DEBUG GameWorld            - Game world initialized
00:56:43.727 [FXGL Background Thread 1 ] DEBUG PhysicsWorld         - Physics world initialized: appHeight=720, physics.ppm=50,0
00:56:43.728 [FXGL Background Thread 1 ] DEBUG PhysicsWorld         - Using strategy: BRUTE_FORCE
00:56:43.733 [FXGL Background Thread 1 ] DEBUG GameScene            - Game scene initialized: 1280x720
00:56:43.747 [FXGL Background Thread 1 ] DEBUG FXGL.DefaultMenu     - createMenuBodyGameMenu()
00:56:43.769 [FXGL Background Thread 1 ] DEBUG FXGL.DefaultMenu     - createOptionsMenu()
00:56:43.785 [FXGL Background Thread 1 ] DEBUG FXGLAssetLoaderServi - Loading from file system: jar:file:/Users/mark/.m2/repository/com/github/almasb/fxgl/17.1/fxgl-17.1.jar!/fxglassets/textures/particles/smoke.png
00:56:43.945 [FXGL Background Thread 1 ] DEBUG FXGLAssetLoaderServi - Loading from file system: jar:file:/Users/mark/.m2/repository/com/github/almasb/fxgl/17.1/fxgl-17.1.jar!/fxglassets/textures/particles/trace_horizontal.png
00:56:43.994 [FXGL Background Thread 1 ] DEBUG GameApplicationServi - Application scenes initialized
00:56:44.018 [FXGL Background Thread 1 ] DEBUG SystemBundleService  - Loading FXGL system data
00:56:44.024 [FXGL Background Thread 1 ] DEBUG FileSystemAccess     - Reading from: /Users/mark/IdeaProjects/webetestin/system/fxgl.bundle
00:56:44.034 [FXGL Background Thread 1 ] DEBUG SystemBundleService  - Bundle FXGL: {}
00:56:44.034 [FXGL Background Thread 1 ] DEBUG UpdaterService       - Checking for updates
00:56:44.038 [FXGL Background Thread 4 ] DEBUG FXGLApplication      - Loading fonts
00:56:44.039 [FXGL Background Thread 4 ] DEBUG FXGLAssetLoaderServi - Loading from file system: jar:file:/Users/mark/.m2/repository/com/github/almasb/fxgl/17.1/fxgl-17.1.jar!/fxglassets/ui/fonts/VarelaRound-Regular.ttf
00:56:44.042 [FXGL Background Thread 1 ] DEBUG FXGLApplication      - Loading default localization
00:56:44.043 [FXGL Background Thread 1 ] DEBUG FXGLAssetLoaderServi - Loading from file system: jar:file:/Users/mark/.m2/repository/com/github/almasb/fxgl/17.1/fxgl-17.1.jar!/fxglassets/languages/english.lang
00:56:44.077 [FXGL Background Thread 4 ] DEBUG FXGLAssetLoaderServi - Loading from file system: jar:file:/Users/mark/.m2/repository/com/github/almasb/fxgl/17.1/fxgl-17.1.jar!/fxglassets/ui/fonts/Abel-Regular.ttf
00:56:44.081 [FXGL Background Thread 4 ] DEBUG FXGLAssetLoaderServi - Loading from file system: jar:file:/Users/mark/.m2/repository/com/github/almasb/fxgl/17.1/fxgl-17.1.jar!/fxglassets/ui/fonts/TerminalLandMono-Regular.otf
00:56:44.094 [FXGL Background Thread 4 ] DEBUG FXGLAssetLoaderServi - Loading from file system: jar:file:/Users/mark/.m2/repository/com/github/almasb/fxgl/17.1/fxgl-17.1.jar!/fxglassets/ui/fonts/Courier-Prime.ttf
00:56:44.100 [JavaFX Application Thread] DEBUG FXGLApplication      - Registering font factories with UI factory
00:56:44.111 [FXGL Background Thread 1 ] INFO  FXGLApplication      - FXGL initialization took: 1,324 sec
00:56:44.112 [JavaFX Application Thread] DEBUG FXGLAssetLoaderServi - Loading from file system: jar:file:/Users/mark/.m2/repository/com/github/almasb/fxgl/17.1/fxgl-17.1.jar!/fxglassets/textures/fxgl_icon.png
00:56:44.156 [JavaFX Application Thread] DEBUG FXGLAssetLoaderServi - Loading from file system: jar:file:/Users/mark/.m2/repository/com/github/almasb/fxgl/17.1/fxgl-17.1.jar!/fxglassets/textures/fxgl_default_cursor.png
00:56:44.195 [JavaFX Application Thread] DEBUG Input                - Registered new binding: Screenshot - CTRL+8
00:56:44.196 [JavaFX Application Thread] DEBUG Input                - Registered new binding: System info dump - CTRL+9
00:56:44.196 [JavaFX Application Thread] DEBUG Input                - Registered new binding: Restart - CTRL+R
00:56:44.197 [JavaFX Application Thread] DEBUG Input                - Registered new binding: Toggle Debug Camera - CTRL+7
00:56:44.199 [JavaFX Application Thread] DEBUG LoopRunner           - Starting loop
00:56:44.199 [JavaFX Application Thread] DEBUG LoopRunner           - Initializing JavaFX AnimationTimerLoop
00:56:44.201 [JavaFX Application Thread] DEBUG GameApplicationServi - Starting new game
00:56:44.201 [JavaFX Application Thread] DEBUG Input                - Clearing active input actions
00:56:44.215 [JavaFX Application Thread] DEBUG GameApplicationServi - Removing overlay from FXGLStartupScene and adding to FXGLLoadingScene
00:56:44.215 [JavaFX Application Thread] DEBUG PrimaryStageWindow   - FXGLStartupScene -> FXGLLoadingScene
00:56:44.215 [JavaFX Application Thread] DEBUG GameApplicationServi - Clearing previous game
00:56:44.215 [JavaFX Application Thread] DEBUG GameScene            - Clearing game scene
00:56:44.216 [JavaFX Application Thread] DEBUG GameWorld            - Clearing game world
00:56:44.216 [JavaFX Application Thread] DEBUG PhysicsWorld         - Clearing physics world
00:56:44.217 [FXGL Background Thread 1 ] DEBUG FXGLApplication      - Initializing game
00:56:44.398 [JavaFX Application Thread] DEBUG LoopRunner           - Stopping loop
00:56:44.399 [JavaFX Application Thread] FATAL FXGLApplication      - Uncaught Exception:
java.lang.RuntimeException: Initialization failed
	at com.almasb.fxgl.app.FXGLApplication$InitAppTask.failed(FXGLApplication.kt:343)
	at javafx.concurrent.Task.setState(Task.java:710)
	at javafx.concurrent.Task$TaskCallable.lambda$call$2(Task.java:1456)
	at com.sun.javafx.application.PlatformImpl.lambda$runLater$10(PlatformImpl.java:457)
	at java.base/java.security.AccessController.doPrivileged(AccessController.java:399)
	at com.sun.javafx.application.PlatformImpl.lambda$runLater$11(PlatformImpl.java:456)
	at com.sun.glass.ui.InvokeLaterDispatcher$Future.run(InvokeLaterDispatcher.java:96)
Caused by: java.lang.IllegalArgumentException: Key width has no associated value!
	at com.almasb.fxgl.entity.SpawnData.get(SpawnData.kt:35)
	at de.prog2.uwu.Factory.newBorder(Factory.java:16)
	at java.base/jdk.internal.reflect.NativeMethodAccessorImpl.invoke0(Native Method)
	at java.base/jdk.internal.reflect.NativeMethodAccessorImpl.invoke(NativeMethodAccessorImpl.java:77)
	at java.base/jdk.internal.reflect.DelegatingMethodAccessorImpl.invoke(DelegatingMethodAccessorImpl.java:43)
	at java.base/java.lang.reflect.Method.invoke(Method.java:568)
	at com.almasb.fxgl.core.reflect.ReflectionUtils.call(ReflectionUtils.java:104)
	at com.almasb.fxgl.core.reflect.ReflectionUtils.lambda$mapToFunction$3(ReflectionUtils.java:111)
	at com.almasb.fxgl.entity.GameWorld$create$2.invoke(GameWorld.kt:430)
	at com.almasb.fxgl.entity.GameWorld$create$2.invoke(GameWorld.kt:430)
	at com.almasb.fxgl.core.util.DSLKt.tryCatchRoot(DSL.kt:34)
	at com.almasb.fxgl.entity.GameWorld.create(GameWorld.kt:430)
	at com.almasb.fxgl.entity.GameWorld.spawn(GameWorld.kt:396)
	at com.almasb.fxgl.entity.GameWorld.spawn(GameWorld.kt:384)
	at com.almasb.fxgl.entity.GameWorld.spawn(GameWorld.kt:359)
	at com.almasb.fxgl.dsl.FXGL$Companion.spawn(FXGL.kt:555)
	at com.almasb.fxgl.dsl.FXGL.spawn(FXGL.kt)
	at de.prog2.uwu.Main.initGame(Main.java:21)
	at com.almasb.fxgl.app.FXGLApplication$InitAppTask.initGame(FXGLApplication.kt:339)
	at com.almasb.fxgl.app.FXGLApplication$InitAppTask.call(FXGLApplication.kt:319)
	at com.almasb.fxgl.app.FXGLApplication$InitAppTask.call(FXGLApplication.kt:311)
	at javafx.concurrent.Task$TaskCallable.call(Task.java:1426)
	at java.base/java.util.concurrent.FutureTask.run(FutureTask.java:264)
	at java.base/java.util.concurrent.Executors$RunnableAdapter.call(Executors.java:539)
	at java.base/java.util.concurrent.FutureTask.run(FutureTask.java:264)
	at java.base/java.util.concurrent.ThreadPoolExecutor.runWorker(ThreadPoolExecutor.java:1136)
	at java.base/java.util.concurrent.ThreadPoolExecutor$Worker.run(ThreadPoolExecutor.java:635)
	at java.base/java.lang.Thread.run(Thread.java:833)

00:56:44.400 [JavaFX Application Thread] FATAL FXGLApplication      - Application will now exit
00:56:44.428 [JavaFX Application Thread] DEBUG PrimaryStageWindow   - Push state: ErrorSubScene
00:56:44.428 [JavaFX Application Thread] DEBUG Input                - Clearing active input actions
00:56:44.437 [JavaFX Application Thread] DEBUG GameApplicationServi - Removing overlay from FXGLLoadingScene and adding to ErrorSubScene
00:56:44.437 [JavaFX Application Thread] DEBUG PrimaryStageWindow   - FXGLLoadingScene -> ErrorSubScene
00:56:47.039 [FXGL Background Thread 3 ] DEBUG Engine               - Logging environment variables
00:56:47.040 [FXGL Background Thread 3 ] DEBUG Engine               - achievements: []
00:56:47.040 [FXGL Background Thread 3 ] DEBUG Engine               - actualHeight: 720.0
00:56:47.041 [FXGL Background Thread 3 ] DEBUG Engine               - actualHeightProperty: ReadOnlyDoubleProperty [value: 720.0]
00:56:47.041 [FXGL Background Thread 3 ] DEBUG Engine               - actualWidth: 1280.0
00:56:47.041 [FXGL Background Thread 3 ] DEBUG Engine               - actualWidthProperty: ReadOnlyDoubleProperty [value: 1280.0]
00:56:47.042 [FXGL Background Thread 3 ] DEBUG Engine               - appIcon: fxgl_icon.png
00:56:47.042 [FXGL Background Thread 3 ] DEBUG Engine               - applicationMode: DEVELOPER
00:56:47.042 [FXGL Background Thread 3 ] DEBUG Engine               - cSSList: [fxgl_dark.css]
00:56:47.042 [FXGL Background Thread 3 ] DEBUG Engine               - collisionDetectionStrategy: BRUTE_FORCE
00:56:47.042 [FXGL Background Thread 3 ] DEBUG Engine               - configClass: Optional.empty
00:56:47.042 [FXGL Background Thread 3 ] DEBUG Engine               - credits: []
00:56:47.043 [FXGL Background Thread 3 ] DEBUG Engine               - defaultCursor: CursorInfo(imageName=fxgl_default_cursor.png, hotspotX=7.0, hotspotY=6.0)
00:56:47.043 [FXGL Background Thread 3 ] DEBUG Engine               - devBBoxColorProperty: ObjectProperty [value: 0xff0000ff]
00:56:47.043 [FXGL Background Thread 3 ] DEBUG Engine               - devEnableDebugCameraProperty: BooleanProperty [value: false]
00:56:47.043 [FXGL Background Thread 3 ] DEBUG Engine               - devSensorColorProperty: ObjectProperty [value: 0xffff00ff]
00:56:47.044 [FXGL Background Thread 3 ] DEBUG Engine               - devShowBBoxProperty: BooleanProperty [value: false]
00:56:47.044 [FXGL Background Thread 3 ] DEBUG Engine               - devShowPositionProperty: BooleanProperty [value: false]
00:56:47.044 [FXGL Background Thread 3 ] DEBUG Engine               - enabledMenuItems: []
00:56:47.044 [FXGL Background Thread 3 ] DEBUG Engine               - engineServices: [class com.almasb.fxgl.app.services.FXGLAssetLoaderService, class com.almasb.fxgl.app.FXGLApplication$GameApplicationService, class com.almasb.fxgl.app.services.FXGLDialogService, class com.almasb.fxgl.app.services.IOTaskExecutorService, class com.almasb.fxgl.io.FileSystemService, class com.almasb.fxgl.localization.LocalizationService, class com.almasb.fxgl.app.services.SystemBundleService, class com.almasb.fxgl.profile.SaveLoadService, class com.almasb.fxgl.ui.FXGLUIFactoryServiceProvider, class com.almasb.fxgl.ui.FXGLDialogFactoryServiceProvider, class com.almasb.fxgl.audio.AudioPlayer, class com.almasb.fxgl.notification.impl.NotificationServiceProvider, class com.almasb.fxgl.achievement.AchievementService, class com.almasb.fxgl.cutscene.CutsceneService, class com.almasb.fxgl.minigames.MiniGameService, class com.almasb.fxgl.net.NetService, class com.almasb.fxgl.app.services.UpdaterService, class com.almasb.fxgl.dev.DevService]
00:56:47.044 [FXGL Background Thread 3 ] DEBUG Engine               - fontGame: Abel-Regular.ttf
00:56:47.045 [FXGL Background Thread 3 ] DEBUG Engine               - fontMono: TerminalLandMono-Regular.otf
00:56:47.045 [FXGL Background Thread 3 ] DEBUG Engine               - fontText: Courier-Prime.ttf
00:56:47.047 [FXGL Background Thread 3 ] DEBUG Engine               - fontUI: VarelaRound-Regular.ttf
00:56:47.047 [FXGL Background Thread 3 ] DEBUG Engine               - fullScreen: BooleanProperty [value: false]
00:56:47.047 [FXGL Background Thread 3 ] DEBUG Engine               - gameDifficulty: MEDIUM
00:56:47.047 [FXGL Background Thread 3 ] DEBUG Engine               - gameDifficultyProperty: ObjectProperty [value: MEDIUM]
00:56:47.048 [FXGL Background Thread 3 ] DEBUG Engine               - globalMusicVolume: 0.5
00:56:47.048 [FXGL Background Thread 3 ] DEBUG Engine               - globalMusicVolumeProperty: DoubleProperty [value: 0.5]
00:56:47.048 [FXGL Background Thread 3 ] DEBUG Engine               - globalSoundVolume: 0.5
00:56:47.048 [FXGL Background Thread 3 ] DEBUG Engine               - globalSoundVolumeProperty: DoubleProperty [value: 0.5]
00:56:47.048 [FXGL Background Thread 3 ] DEBUG Engine               - height: 720
00:56:47.048 [FXGL Background Thread 3 ] DEBUG Engine               - is3D: false
00:56:47.048 [FXGL Background Thread 3 ] DEBUG Engine               - isAndroid: false
00:56:47.049 [FXGL Background Thread 3 ] DEBUG Engine               - isBrowser: false
00:56:47.049 [FXGL Background Thread 3 ] DEBUG Engine               - isClickFeedbackEnabled: false
00:56:47.049 [FXGL Background Thread 3 ] DEBUG Engine               - isCloseConfirmation: false
00:56:47.049 [FXGL Background Thread 3 ] DEBUG Engine               - isDesktop: true
00:56:47.049 [FXGL Background Thread 3 ] DEBUG Engine               - isDeveloperMenuEnabled: false
00:56:47.049 [FXGL Background Thread 3 ] DEBUG Engine               - isEmbedded: false
00:56:47.049 [FXGL Background Thread 3 ] DEBUG Engine               - isEntityPreloadEnabled: true
00:56:47.050 [FXGL Background Thread 3 ] DEBUG Engine               - isExperimentalTiledLargeMap: false
00:56:47.050 [FXGL Background Thread 3 ] DEBUG Engine               - isFileSystemWriteAllowed: true
00:56:47.050 [FXGL Background Thread 3 ] DEBUG Engine               - isFullScreenAllowed: false
00:56:47.050 [FXGL Background Thread 3 ] DEBUG Engine               - isFullScreenFromStart: false
00:56:47.050 [FXGL Background Thread 3 ] DEBUG Engine               - isGameMenuEnabled: true
00:56:47.050 [FXGL Background Thread 3 ] DEBUG Engine               - isIOS: false
00:56:47.051 [FXGL Background Thread 3 ] DEBUG Engine               - isIntroEnabled: false
00:56:47.051 [FXGL Background Thread 3 ] DEBUG Engine               - isLinux: false
00:56:47.051 [FXGL Background Thread 3 ] DEBUG Engine               - isMac: true
00:56:47.051 [FXGL Background Thread 3 ] DEBUG Engine               - isMainMenuEnabled: false
00:56:47.051 [FXGL Background Thread 3 ] DEBUG Engine               - isManualResizeEnabled: false
00:56:47.051 [FXGL Background Thread 3 ] DEBUG Engine               - isMobile: false
00:56:47.052 [FXGL Background Thread 3 ] DEBUG Engine               - isNative: false
00:56:47.052 [FXGL Background Thread 3 ] DEBUG Engine               - isPauseMusicWhenMinimized: true
00:56:47.052 [FXGL Background Thread 3 ] DEBUG Engine               - isPreserveResizeRatio: false
00:56:47.052 [FXGL Background Thread 3 ] DEBUG Engine               - isProfilingEnabled: false
00:56:47.052 [FXGL Background Thread 3 ] DEBUG Engine               - isScaleAffectedOnResize: true
00:56:47.052 [FXGL Background Thread 3 ] DEBUG Engine               - isSingleStep: false
00:56:47.053 [FXGL Background Thread 3 ] DEBUG Engine               - isUserProfileEnabled: false
00:56:47.053 [FXGL Background Thread 3 ] DEBUG Engine               - isWindows: false
00:56:47.053 [FXGL Background Thread 3 ] DEBUG Engine               - language: ObjectProperty [value: ENGLISH]
00:56:47.053 [FXGL Background Thread 3 ] DEBUG Engine               - menuKey: ESCAPE
00:56:47.053 [FXGL Background Thread 3 ] DEBUG Engine               - mouseSensitivity: 0.2
00:56:47.053 [FXGL Background Thread 3 ] DEBUG Engine               - notificationViewClass: class com.almasb.fxgl.notification.view.XboxNotificationView
00:56:47.054 [FXGL Background Thread 3 ] DEBUG Engine               - pixelsPerMeter: 50.0
00:56:47.054 [FXGL Background Thread 3 ] DEBUG Engine               - platform: MAC
00:56:47.054 [FXGL Background Thread 3 ] DEBUG Engine               - prefHeightProperty: ReadOnlyDoubleProperty [value: 720.0]
00:56:47.054 [FXGL Background Thread 3 ] DEBUG Engine               - prefWidthProperty: ReadOnlyDoubleProperty [value: 1280.0]
00:56:47.054 [FXGL Background Thread 3 ] DEBUG Engine               - profileDir: profiles/
00:56:47.054 [FXGL Background Thread 3 ] DEBUG Engine               - profileName: StringProperty [value: DEFAULT]
00:56:47.055 [FXGL Background Thread 3 ] DEBUG Engine               - randomSeed: -1
00:56:47.055 [FXGL Background Thread 3 ] DEBUG Engine               - runtimeInfo: RuntimeInfo(platform=MAC, version=17.1, build=24.03.2022 17.34)
00:56:47.055 [FXGL Background Thread 3 ] DEBUG Engine               - saveFileExt: sav
00:56:47.056 [FXGL Background Thread 3 ] DEBUG Engine               - scaledHeightProp$fxgl: DoubleProperty [bound, value: 720.0]
00:56:47.056 [FXGL Background Thread 3 ] DEBUG Engine               - scaledWidthProp$fxgl: DoubleProperty [bound, value: 1280.0]
00:56:47.057 [FXGL Background Thread 3 ] DEBUG Engine               - sceneFactory: com.almasb.fxgl.app.scene.SceneFactory@78648ab1
00:56:47.057 [FXGL Background Thread 3 ] DEBUG Engine               - secondsIn24h: 60
00:56:47.057 [FXGL Background Thread 3 ] DEBUG Engine               - soundMenuBack: menu/back.wav
00:56:47.058 [FXGL Background Thread 3 ] DEBUG Engine               - soundMenuPress: menu/press.wav
00:56:47.058 [FXGL Background Thread 3 ] DEBUG Engine               - soundMenuSelect: menu/select.wav
00:56:47.058 [FXGL Background Thread 3 ] DEBUG Engine               - soundNotification: core/notification.wav
00:56:47.058 [FXGL Background Thread 3 ] DEBUG Engine               - stageStyle: DECORATED
00:56:47.058 [FXGL Background Thread 3 ] DEBUG Engine               - supportedLanguages: [ENGLISH, FRENCH, GERMAN, HUNGARIAN, RUSSIAN]
00:56:47.059 [FXGL Background Thread 3 ] DEBUG Engine               - ticksPerSecond: -1
00:56:47.059 [FXGL Background Thread 3 ] DEBUG Engine               - title: Untitled
00:56:47.059 [FXGL Background Thread 3 ] DEBUG Engine               - urlGithub: https://github.com/AlmasB/FXGL
00:56:47.059 [FXGL Background Thread 3 ] DEBUG Engine               - urlLeaderboard: http://fxgl-top.herokuapp.com/
00:56:47.059 [FXGL Background Thread 3 ] DEBUG Engine               - urlPOM: https://raw.githubusercontent.com/AlmasB/FXGL/release/README.md
00:56:47.059 [FXGL Background Thread 3 ] DEBUG Engine               - userAppClass: class de.prog2.uwu.Main
00:56:47.059 [FXGL Background Thread 3 ] DEBUG Engine               - version: 0.0
00:56:47.059 [FXGL Background Thread 3 ] DEBUG Engine               - versionCheckDays: 7
00:56:47.060 [FXGL Background Thread 3 ] DEBUG Engine               - width: 1280
00:56:47.060 [FXGL Background Thread 3 ] DEBUG Engine               - Logging services
00:56:47.060 [FXGL Background Thread 3 ] DEBUG Engine               - class com.almasb.fxgl.app.services.FXGLAssetLoaderService
00:56:47.060 [FXGL Background Thread 3 ] DEBUG Engine               - class com.almasb.fxgl.app.FXGLApplication$GameApplicationService
00:56:47.060 [FXGL Background Thread 3 ] DEBUG Engine               - class com.almasb.fxgl.app.services.FXGLDialogService
00:56:47.060 [FXGL Background Thread 3 ] DEBUG Engine               - class com.almasb.fxgl.app.services.IOTaskExecutorService
00:56:47.060 [FXGL Background Thread 3 ] DEBUG Engine               - class com.almasb.fxgl.io.FileSystemService
00:56:47.060 [FXGL Background Thread 3 ] DEBUG Engine               - class com.almasb.fxgl.localization.LocalizationService
00:56:47.060 [FXGL Background Thread 3 ] DEBUG Engine               - class com.almasb.fxgl.app.services.SystemBundleService
00:56:47.060 [FXGL Background Thread 3 ] DEBUG Engine               - class com.almasb.fxgl.profile.SaveLoadService
00:56:47.061 [FXGL Background Thread 3 ] DEBUG Engine               - class com.almasb.fxgl.ui.FXGLUIFactoryServiceProvider
00:56:47.061 [FXGL Background Thread 3 ] DEBUG Engine               - class com.almasb.fxgl.ui.FXGLDialogFactoryServiceProvider
00:56:47.061 [FXGL Background Thread 3 ] DEBUG Engine               - class com.almasb.fxgl.audio.AudioPlayer
00:56:47.061 [FXGL Background Thread 3 ] DEBUG Engine               - class com.almasb.fxgl.notification.impl.NotificationServiceProvider
00:56:47.061 [FXGL Background Thread 3 ] DEBUG Engine               - class com.almasb.fxgl.achievement.AchievementService
00:56:47.061 [FXGL Background Thread 3 ] DEBUG Engine               - class com.almasb.fxgl.cutscene.CutsceneService
00:56:47.062 [FXGL Background Thread 3 ] DEBUG Engine               - class com.almasb.fxgl.minigames.MiniGameService
00:56:47.062 [FXGL Background Thread 3 ] DEBUG Engine               - class com.almasb.fxgl.net.NetService
00:56:47.062 [FXGL Background Thread 3 ] DEBUG Engine               - class com.almasb.fxgl.app.services.UpdaterService
00:56:47.062 [FXGL Background Thread 3 ] DEBUG Engine               - class com.almasb.fxgl.dev.DevService
00:57:37.816 [JavaFX Application Thread] DEBUG FXGLApplication      - Exiting FXGL
00:57:37.816 [JavaFX Application Thread] DEBUG Async                - Shutting down background threads
00:57:37.816 [JavaFX Application Thread] DEBUG PrimaryStageWindow   - Closing main window
00:57:37.825 [JavaFX Application Thread] DEBUG Logger               - Closing Logger
