17:38:10.614 [main                     ] DEBUG Logger               - Configured Logger
17:38:10.694 [main                     ] DEBUG GameApplication      - Logging settings
Title: Untitled
Version: 0.0
Width: 1280
Height: 720
Fullscreen: false
Intro: false
Profiling: false
Single step:false
App Mode: DEVELOPER
Menu Key: ESCAPE
Stage Style: DECORATED
Scene Factory: class com.almasb.fxgl.app.scene.SceneFactory

17:38:11.507 [JavaFX Application Thread] DEBUG FXGLApplication      - Initializing FXGL
17:38:11.516 [JavaFX Application Thread] INFO  Engine               - FXGL-17.1 (24.03.2022 17.34) on MAC (J:17.0.3.1 FX:18)
17:38:11.516 [JavaFX Application Thread] DEBUG Engine               - JRE Vendor Name: Oracle Corporation
17:38:11.517 [JavaFX Application Thread] DEBUG Engine               - Running on OS: Mac OS X version 12.3.1
17:38:11.517 [JavaFX Application Thread] DEBUG Engine               - Architecture: x86_64
17:38:11.517 [JavaFX Application Thread] INFO  Engine               - Source code and latest versions at: https://github.com/AlmasB/FXGL
17:38:11.518 [JavaFX Application Thread] INFO  Engine               -       Ask questions and discuss at: https://github.com/AlmasB/FXGL/discussions
17:38:11.518 [JavaFX Application Thread] INFO  Engine               -              Join the FXGL chat at: https://gitter.im/AlmasB/FXGL
17:38:11.846 [JavaFX Application Thread] DEBUG PrimaryStageWindow   - Creating a JavaFX scene
17:38:11.979 [JavaFX Application Thread] DEBUG PrimaryStageWindow   - Target settings size: 1280.0 x 720.0
17:38:11.979 [JavaFX Application Thread] DEBUG PrimaryStageWindow   - Scaled scene size:    1280.0 x 720.0
17:38:11.980 [JavaFX Application Thread] DEBUG PrimaryStageWindow   - Scaled ratio: (1.0, 1.0)
17:38:12.071 [JavaFX Application Thread] DEBUG PrimaryStageWindow   - Set initial scene to FXGLStartupScene
17:38:12.120 [JavaFX Application Thread] DEBUG PrimaryStageWindow   - Opening main window
17:38:12.309 [JavaFX Application Thread] DEBUG PrimaryStageWindow   - Window border size: (0.0, 28.0)
17:38:12.310 [JavaFX Application Thread] DEBUG PrimaryStageWindow   - Scaled size: 1280.0 x 720.0
17:38:12.310 [JavaFX Application Thread] DEBUG PrimaryStageWindow   - Scaled ratio: (1.0, 1.0)
17:38:12.311 [JavaFX Application Thread] DEBUG PrimaryStageWindow   - Scene size: 1280.0 x 720.0
17:38:12.311 [JavaFX Application Thread] DEBUG PrimaryStageWindow   - Stage size: 1280.0 x 748.0
17:38:12.325 [FXGL Background Thread 1 ] DEBUG Engine               - Initializing environment variables
17:38:12.382 [FXGL Background Thread 1 ] DEBUG FXGLAssetLoaderServi - User app class for loading assets: class de.prog2.uwu.Main
17:38:12.382 [FXGL Background Thread 1 ] DEBUG GameApplicationServi - Applying CSS: fxgl_dark.css
17:38:12.384 [FXGL Background Thread 1 ] DEBUG FXGLAssetLoaderServi - Loading from file system: jar:file:/Users/mark/.m2/repository/com/github/almasb/fxgl/17.1/fxgl-17.1.jar!/fxglassets/ui/css/fxgl_dark.css
17:38:12.629 [FXGL Background Thread 1 ] DEBUG GameApplicationServi - Initializing application scenes
17:38:13.534 [FXGL Background Thread 1 ] DEBUG GameWorld            - Game world initialized
17:38:13.696 [FXGL Background Thread 1 ] DEBUG PhysicsWorld         - Physics world initialized: appHeight=720, physics.ppm=50,0
17:38:13.697 [FXGL Background Thread 1 ] DEBUG PhysicsWorld         - Using strategy: BRUTE_FORCE
17:38:13.704 [FXGL Background Thread 1 ] DEBUG GameScene            - Game scene initialized: 1280x720
17:38:13.753 [FXGL Background Thread 1 ] DEBUG FXGL.DefaultMenu     - createMenuBodyGameMenu()
17:38:13.784 [FXGL Background Thread 1 ] DEBUG FXGL.DefaultMenu     - createOptionsMenu()
17:38:13.846 [FXGL Background Thread 1 ] DEBUG FXGLAssetLoaderServi - Loading from file system: jar:file:/Users/mark/.m2/repository/com/github/almasb/fxgl/17.1/fxgl-17.1.jar!/fxglassets/textures/particles/smoke.png
17:38:14.208 [FXGL Background Thread 1 ] DEBUG FXGLAssetLoaderServi - Loading from file system: jar:file:/Users/mark/.m2/repository/com/github/almasb/fxgl/17.1/fxgl-17.1.jar!/fxglassets/textures/particles/trace_horizontal.png
17:38:14.254 [FXGL Background Thread 1 ] DEBUG GameApplicationServi - Application scenes initialized
17:38:14.271 [FXGL Background Thread 1 ] DEBUG SystemBundleService  - Loading FXGL system data
17:38:14.276 [FXGL Background Thread 1 ] DEBUG FileSystemAccess     - Reading from: /Users/mark/IdeaProjects/webetestin/system/fxgl.bundle
17:38:14.284 [FXGL Background Thread 1 ] DEBUG SystemBundleService  - Bundle FXGL: {}
17:38:14.284 [FXGL Background Thread 1 ] DEBUG UpdaterService       - Checking for updates
17:38:14.291 [FXGL Background Thread 4 ] DEBUG FXGLApplication      - Loading fonts
17:38:14.291 [FXGL Background Thread 4 ] DEBUG FXGLAssetLoaderServi - Loading from file system: jar:file:/Users/mark/.m2/repository/com/github/almasb/fxgl/17.1/fxgl-17.1.jar!/fxglassets/ui/fonts/VarelaRound-Regular.ttf
17:38:14.294 [FXGL Background Thread 1 ] DEBUG FXGLApplication      - Loading default localization
17:38:14.295 [FXGL Background Thread 1 ] DEBUG FXGLAssetLoaderServi - Loading from file system: jar:file:/Users/mark/.m2/repository/com/github/almasb/fxgl/17.1/fxgl-17.1.jar!/fxglassets/languages/english.lang
17:38:14.315 [FXGL Background Thread 4 ] DEBUG FXGLAssetLoaderServi - Loading from file system: jar:file:/Users/mark/.m2/repository/com/github/almasb/fxgl/17.1/fxgl-17.1.jar!/fxglassets/ui/fonts/Abel-Regular.ttf
17:38:14.322 [FXGL Background Thread 4 ] DEBUG FXGLAssetLoaderServi - Loading from file system: jar:file:/Users/mark/.m2/repository/com/github/almasb/fxgl/17.1/fxgl-17.1.jar!/fxglassets/ui/fonts/TerminalLandMono-Regular.otf
17:38:14.333 [FXGL Background Thread 4 ] DEBUG FXGLAssetLoaderServi - Loading from file system: jar:file:/Users/mark/.m2/repository/com/github/almasb/fxgl/17.1/fxgl-17.1.jar!/fxglassets/ui/fonts/Courier-Prime.ttf
17:38:14.340 [JavaFX Application Thread] DEBUG FXGLApplication      - Registering font factories with UI factory
17:38:14.341 [FXGL Background Thread 1 ] INFO  FXGLApplication      - FXGL initialization took: 2,016 sec
17:38:14.343 [JavaFX Application Thread] DEBUG FXGLAssetLoaderServi - Loading from file system: jar:file:/Users/mark/.m2/repository/com/github/almasb/fxgl/17.1/fxgl-17.1.jar!/fxglassets/textures/fxgl_icon.png
17:38:14.384 [JavaFX Application Thread] DEBUG FXGLAssetLoaderServi - Loading from file system: jar:file:/Users/mark/.m2/repository/com/github/almasb/fxgl/17.1/fxgl-17.1.jar!/fxglassets/textures/fxgl_default_cursor.png
17:38:14.401 [JavaFX Application Thread] DEBUG Input                - Registered new binding: Screenshot - CTRL+8
17:38:14.402 [JavaFX Application Thread] DEBUG Input                - Registered new binding: System info dump - CTRL+9
17:38:14.402 [JavaFX Application Thread] DEBUG Input                - Registered new binding: Restart - CTRL+R
17:38:14.403 [JavaFX Application Thread] DEBUG Input                - Registered new binding: Toggle Debug Camera - CTRL+7
17:38:14.405 [JavaFX Application Thread] DEBUG LoopRunner           - Starting loop
17:38:14.406 [JavaFX Application Thread] DEBUG LoopRunner           - Initializing JavaFX AnimationTimerLoop
17:38:14.407 [JavaFX Application Thread] DEBUG GameApplicationServi - Starting new game
17:38:14.408 [JavaFX Application Thread] DEBUG Input                - Clearing active input actions
17:38:14.424 [JavaFX Application Thread] DEBUG GameApplicationServi - Removing overlay from FXGLStartupScene and adding to FXGLLoadingScene
17:38:14.425 [JavaFX Application Thread] DEBUG PrimaryStageWindow   - FXGLStartupScene -> FXGLLoadingScene
17:38:14.425 [JavaFX Application Thread] DEBUG GameApplicationServi - Clearing previous game
17:38:14.425 [JavaFX Application Thread] DEBUG GameScene            - Clearing game scene
17:38:14.425 [JavaFX Application Thread] DEBUG GameWorld            - Clearing game world
17:38:14.426 [JavaFX Application Thread] DEBUG PhysicsWorld         - Clearing physics world
17:38:14.428 [FXGL Background Thread 1 ] DEBUG FXGLApplication      - Initializing game
17:38:14.489 [FXGL Background Thread 1 ] WARN  TMXLevelLoader       - TiledMap generated from 1.0.1. Supported version: 1.4.2. Some features may not be parsed fully.
17:38:14.584 [FXGL Background Thread 1 ] DEBUG TMXLevelLoader       - Parsed TiledMap: file:/Users/mark/IdeaProjects/webetestin/target/classes/assets/levels/tmx/dungeondungeonmap.tmx
17:38:14.585 [FXGL Background Thread 1 ] DEBUG TMXLevelLoader       - Creating tile layer entities
17:38:14.587 [FXGL Background Thread 1 ] DEBUG TilesetLoader        - Loading view for layer Kachelebene 1
17:38:14.604 [FXGL Background Thread 1 ] DEBUG TilesetLoader        - Created buffer with size 560.0x512.0
17:38:14.645 [FXGL Background Thread 1 ] DEBUG TMXLevelLoader       - Creating object layer entities
17:38:14.652 [FXGL Background Thread 1 ] WARN  TMXLevelLoader       - Parse error
java.lang.IllegalArgumentException: No EntityFactory has a method annotated @Spawns(keyCode)
	at com.almasb.fxgl.entity.GameWorld.create(GameWorld.kt:413)
	at de.prog2.uwu.Factory.newGameEvent(Factory.java:34)
	at java.base/jdk.internal.reflect.NativeMethodAccessorImpl.invoke0(Native Method)
	at java.base/jdk.internal.reflect.NativeMethodAccessorImpl.invoke(NativeMethodAccessorImpl.java:77)
	at java.base/jdk.internal.reflect.DelegatingMethodAccessorImpl.invoke(DelegatingMethodAccessorImpl.java:43)
	at java.base/java.lang.reflect.Method.invoke(Method.java:568)
	at com.almasb.fxgl.core.reflect.ReflectionUtils.call(ReflectionUtils.java:104)
	at com.almasb.fxgl.core.reflect.ReflectionUtils.lambda$mapToFunction$3(ReflectionUtils.java:111)
	at com.almasb.fxgl.entity.GameWorld$create$2.invoke(GameWorld.kt:430)
	at com.almasb.fxgl.entity.GameWorld$create$2.invoke(GameWorld.kt:430)
	at com.almasb.fxgl.core.util.DSLKt.tryCatchRoot(DSL.kt:34)
	at com.almasb.fxgl.entity.GameWorld.create(GameWorld.kt:430)
	at com.almasb.fxgl.entity.level.tiled.TMXLevelLoader.createObjectLayerEntities(TMXLevelLoader.kt:154)
	at com.almasb.fxgl.entity.level.tiled.TMXLevelLoader.load(TMXLevelLoader.kt:60)
	at com.almasb.fxgl.app.services.FXGLAssetLoaderService.loadLevel(FXGLAssetLoaderService.kt:446)
	at com.almasb.fxgl.dsl.FXGL$Companion.setLevelFromMap(FXGL.kt:634)
	at com.almasb.fxgl.dsl.FXGL.setLevelFromMap(FXGL.kt)
	at de.prog2.uwu.Main.initGame(Main.java:29)
	at com.almasb.fxgl.app.FXGLApplication$InitAppTask.initGame(FXGLApplication.kt:339)
	at com.almasb.fxgl.app.FXGLApplication$InitAppTask.call(FXGLApplication.kt:319)
	at com.almasb.fxgl.app.FXGLApplication$InitAppTask.call(FXGLApplication.kt:311)
	at javafx.concurrent.Task$TaskCallable.call(Task.java:1426)
	at java.base/java.util.concurrent.FutureTask.run(FutureTask.java:264)
	at java.base/java.util.concurrent.Executors$RunnableAdapter.call(Executors.java:539)
	at java.base/java.util.concurrent.FutureTask.run(FutureTask.java:264)
	at java.base/java.util.concurrent.ThreadPoolExecutor.runWorker(ThreadPoolExecutor.java:1136)
	at java.base/java.util.concurrent.ThreadPoolExecutor$Worker.run(ThreadPoolExecutor.java:635)
	at java.base/java.lang.Thread.run(Thread.java:833)

17:38:14.746 [JavaFX Application Thread] DEBUG LoopRunner           - Stopping loop
17:38:14.747 [JavaFX Application Thread] FATAL FXGLApplication      - Uncaught Exception:
java.lang.RuntimeException: Initialization failed
	at com.almasb.fxgl.app.FXGLApplication$InitAppTask.failed(FXGLApplication.kt:343)
	at javafx.concurrent.Task.setState(Task.java:710)
	at javafx.concurrent.Task$TaskCallable.lambda$call$2(Task.java:1456)
	at com.sun.javafx.application.PlatformImpl.lambda$runLater$10(PlatformImpl.java:457)
	at java.base/java.security.AccessController.doPrivileged(AccessController.java:399)
	at com.sun.javafx.application.PlatformImpl.lambda$runLater$11(PlatformImpl.java:456)
	at com.sun.glass.ui.InvokeLaterDispatcher$Future.run(InvokeLaterDispatcher.java:96)
Caused by: com.almasb.fxgl.entity.level.LevelLoadingException: No EntityFactory has a method annotated @Spawns(keyCode)
	at com.almasb.fxgl.entity.level.tiled.TMXLevelLoader.load(TMXLevelLoader.kt:78)
	at com.almasb.fxgl.app.services.FXGLAssetLoaderService.loadLevel(FXGLAssetLoaderService.kt:446)
	at com.almasb.fxgl.dsl.FXGL$Companion.setLevelFromMap(FXGL.kt:634)
	at com.almasb.fxgl.dsl.FXGL.setLevelFromMap(FXGL.kt)
	at de.prog2.uwu.Main.initGame(Main.java:29)
	at com.almasb.fxgl.app.FXGLApplication$InitAppTask.initGame(FXGLApplication.kt:339)
	at com.almasb.fxgl.app.FXGLApplication$InitAppTask.call(FXGLApplication.kt:319)
	at com.almasb.fxgl.app.FXGLApplication$InitAppTask.call(FXGLApplication.kt:311)
	at javafx.concurrent.Task$TaskCallable.call(Task.java:1426)
	at java.base/java.util.concurrent.FutureTask.run(FutureTask.java:264)
	at java.base/java.util.concurrent.Executors$RunnableAdapter.call(Executors.java:539)
	at java.base/java.util.concurrent.FutureTask.run(FutureTask.java:264)
	at java.base/java.util.concurrent.ThreadPoolExecutor.runWorker(ThreadPoolExecutor.java:1136)
	at java.base/java.util.concurrent.ThreadPoolExecutor$Worker.run(ThreadPoolExecutor.java:635)
	at java.base/java.lang.Thread.run(Thread.java:833)
Caused by: java.lang.IllegalArgumentException: No EntityFactory has a method annotated @Spawns(keyCode)
	at com.almasb.fxgl.entity.GameWorld.create(GameWorld.kt:413)
	at de.prog2.uwu.Factory.newGameEvent(Factory.java:34)
	at java.base/jdk.internal.reflect.NativeMethodAccessorImpl.invoke0(Native Method)
	at java.base/jdk.internal.reflect.NativeMethodAccessorImpl.invoke(NativeMethodAccessorImpl.java:77)
	at java.base/jdk.internal.reflect.DelegatingMethodAccessorImpl.invoke(DelegatingMethodAccessorImpl.java:43)
	at java.base/java.lang.reflect.Method.invoke(Method.java:568)
	at com.almasb.fxgl.core.reflect.ReflectionUtils.call(ReflectionUtils.java:104)
	at com.almasb.fxgl.core.reflect.ReflectionUtils.lambda$mapToFunction$3(ReflectionUtils.java:111)
	at com.almasb.fxgl.entity.GameWorld$create$2.invoke(GameWorld.kt:430)
	at com.almasb.fxgl.entity.GameWorld$create$2.invoke(GameWorld.kt:430)
	at com.almasb.fxgl.core.util.DSLKt.tryCatchRoot(DSL.kt:34)
	at com.almasb.fxgl.entity.GameWorld.create(GameWorld.kt:430)
	at com.almasb.fxgl.entity.level.tiled.TMXLevelLoader.createObjectLayerEntities(TMXLevelLoader.kt:154)
	at com.almasb.fxgl.entity.level.tiled.TMXLevelLoader.load(TMXLevelLoader.kt:60)
	... 14 more

17:38:14.748 [JavaFX Application Thread] FATAL FXGLApplication      - Application will now exit
17:38:14.782 [JavaFX Application Thread] DEBUG PrimaryStageWindow   - Push state: ErrorSubScene
17:38:14.782 [JavaFX Application Thread] DEBUG Input                - Clearing active input actions
17:38:14.792 [JavaFX Application Thread] DEBUG GameApplicationServi - Removing overlay from FXGLLoadingScene and adding to ErrorSubScene
17:38:14.793 [JavaFX Application Thread] DEBUG PrimaryStageWindow   - FXGLLoadingScene -> ErrorSubScene
17:38:17.292 [FXGL Background Thread 3 ] DEBUG Engine               - Logging environment variables
17:38:17.293 [FXGL Background Thread 3 ] DEBUG Engine               - achievements: []
17:38:17.293 [FXGL Background Thread 3 ] DEBUG Engine               - actualHeight: 720.0
17:38:17.294 [FXGL Background Thread 3 ] DEBUG Engine               - actualHeightProperty: ReadOnlyDoubleProperty [value: 720.0]
17:38:17.294 [FXGL Background Thread 3 ] DEBUG Engine               - actualWidth: 1280.0
17:38:17.294 [FXGL Background Thread 3 ] DEBUG Engine               - actualWidthProperty: ReadOnlyDoubleProperty [value: 1280.0]
17:38:17.294 [FXGL Background Thread 3 ] DEBUG Engine               - appIcon: fxgl_icon.png
17:38:17.294 [FXGL Background Thread 3 ] DEBUG Engine               - applicationMode: DEVELOPER
17:38:17.295 [FXGL Background Thread 3 ] DEBUG Engine               - cSSList: [fxgl_dark.css]
17:38:17.295 [FXGL Background Thread 3 ] DEBUG Engine               - collisionDetectionStrategy: BRUTE_FORCE
17:38:17.295 [FXGL Background Thread 3 ] DEBUG Engine               - configClass: Optional.empty
17:38:17.295 [FXGL Background Thread 3 ] DEBUG Engine               - credits: []
17:38:17.296 [FXGL Background Thread 3 ] DEBUG Engine               - defaultCursor: CursorInfo(imageName=fxgl_default_cursor.png, hotspotX=7.0, hotspotY=6.0)
17:38:17.296 [FXGL Background Thread 3 ] DEBUG Engine               - devBBoxColorProperty: ObjectProperty [value: 0xff0000ff]
17:38:17.296 [FXGL Background Thread 3 ] DEBUG Engine               - devEnableDebugCameraProperty: BooleanProperty [value: false]
17:38:17.297 [FXGL Background Thread 3 ] DEBUG Engine               - devSensorColorProperty: ObjectProperty [value: 0xffff00ff]
17:38:17.297 [FXGL Background Thread 3 ] DEBUG Engine               - devShowBBoxProperty: BooleanProperty [value: false]
17:38:17.297 [FXGL Background Thread 3 ] DEBUG Engine               - devShowPositionProperty: BooleanProperty [value: false]
17:38:17.297 [FXGL Background Thread 3 ] DEBUG Engine               - enabledMenuItems: []
17:38:17.297 [FXGL Background Thread 3 ] DEBUG Engine               - engineServices: [class com.almasb.fxgl.app.services.FXGLAssetLoaderService, class com.almasb.fxgl.app.FXGLApplication$GameApplicationService, class com.almasb.fxgl.app.services.FXGLDialogService, class com.almasb.fxgl.app.services.IOTaskExecutorService, class com.almasb.fxgl.io.FileSystemService, class com.almasb.fxgl.localization.LocalizationService, class com.almasb.fxgl.app.services.SystemBundleService, class com.almasb.fxgl.profile.SaveLoadService, class com.almasb.fxgl.ui.FXGLUIFactoryServiceProvider, class com.almasb.fxgl.ui.FXGLDialogFactoryServiceProvider, class com.almasb.fxgl.audio.AudioPlayer, class com.almasb.fxgl.notification.impl.NotificationServiceProvider, class com.almasb.fxgl.achievement.AchievementService, class com.almasb.fxgl.cutscene.CutsceneService, class com.almasb.fxgl.minigames.MiniGameService, class com.almasb.fxgl.net.NetService, class com.almasb.fxgl.app.services.UpdaterService, class com.almasb.fxgl.dev.DevService]
17:38:17.298 [FXGL Background Thread 3 ] DEBUG Engine               - fontGame: Abel-Regular.ttf
17:38:17.298 [FXGL Background Thread 3 ] DEBUG Engine               - fontMono: TerminalLandMono-Regular.otf
17:38:17.299 [FXGL Background Thread 3 ] DEBUG Engine               - fontText: Courier-Prime.ttf
17:38:17.299 [FXGL Background Thread 3 ] DEBUG Engine               - fontUI: VarelaRound-Regular.ttf
17:38:17.300 [FXGL Background Thread 3 ] DEBUG Engine               - fullScreen: BooleanProperty [value: false]
17:38:17.300 [FXGL Background Thread 3 ] DEBUG Engine               - gameDifficulty: MEDIUM
17:38:17.301 [FXGL Background Thread 3 ] DEBUG Engine               - gameDifficultyProperty: ObjectProperty [value: MEDIUM]
17:38:17.301 [FXGL Background Thread 3 ] DEBUG Engine               - globalMusicVolume: 0.5
17:38:17.302 [FXGL Background Thread 3 ] DEBUG Engine               - globalMusicVolumeProperty: DoubleProperty [value: 0.5]
17:38:17.302 [FXGL Background Thread 3 ] DEBUG Engine               - globalSoundVolume: 0.5
17:38:17.302 [FXGL Background Thread 3 ] DEBUG Engine               - globalSoundVolumeProperty: DoubleProperty [value: 0.5]
17:38:17.302 [FXGL Background Thread 3 ] DEBUG Engine               - height: 720
17:38:17.303 [FXGL Background Thread 3 ] DEBUG Engine               - is3D: false
17:38:17.303 [FXGL Background Thread 3 ] DEBUG Engine               - isAndroid: false
17:38:17.303 [FXGL Background Thread 3 ] DEBUG Engine               - isBrowser: false
17:38:17.303 [FXGL Background Thread 3 ] DEBUG Engine               - isClickFeedbackEnabled: false
17:38:17.303 [FXGL Background Thread 3 ] DEBUG Engine               - isCloseConfirmation: false
17:38:17.303 [FXGL Background Thread 3 ] DEBUG Engine               - isDesktop: true
17:38:17.304 [FXGL Background Thread 3 ] DEBUG Engine               - isDeveloperMenuEnabled: false
17:38:17.304 [FXGL Background Thread 3 ] DEBUG Engine               - isEmbedded: false
17:38:17.304 [FXGL Background Thread 3 ] DEBUG Engine               - isEntityPreloadEnabled: true
17:38:17.304 [FXGL Background Thread 3 ] DEBUG Engine               - isExperimentalTiledLargeMap: false
17:38:17.304 [FXGL Background Thread 3 ] DEBUG Engine               - isFileSystemWriteAllowed: true
17:38:17.305 [FXGL Background Thread 3 ] DEBUG Engine               - isFullScreenAllowed: false
17:38:17.305 [FXGL Background Thread 3 ] DEBUG Engine               - isFullScreenFromStart: false
17:38:17.305 [FXGL Background Thread 3 ] DEBUG Engine               - isGameMenuEnabled: true
17:38:17.305 [FXGL Background Thread 3 ] DEBUG Engine               - isIOS: false
17:38:17.305 [FXGL Background Thread 3 ] DEBUG Engine               - isIntroEnabled: false
17:38:17.307 [FXGL Background Thread 3 ] DEBUG Engine               - isLinux: false
17:38:17.308 [FXGL Background Thread 3 ] DEBUG Engine               - isMac: true
17:38:17.308 [FXGL Background Thread 3 ] DEBUG Engine               - isMainMenuEnabled: false
17:38:17.308 [FXGL Background Thread 3 ] DEBUG Engine               - isManualResizeEnabled: false
17:38:17.308 [FXGL Background Thread 3 ] DEBUG Engine               - isMobile: false
17:38:17.308 [FXGL Background Thread 3 ] DEBUG Engine               - isNative: false
17:38:17.308 [FXGL Background Thread 3 ] DEBUG Engine               - isPauseMusicWhenMinimized: true
17:38:17.309 [FXGL Background Thread 3 ] DEBUG Engine               - isPreserveResizeRatio: false
17:38:17.309 [FXGL Background Thread 3 ] DEBUG Engine               - isProfilingEnabled: false
17:38:17.309 [FXGL Background Thread 3 ] DEBUG Engine               - isScaleAffectedOnResize: true
17:38:17.309 [FXGL Background Thread 3 ] DEBUG Engine               - isSingleStep: false
17:38:17.309 [FXGL Background Thread 3 ] DEBUG Engine               - isUserProfileEnabled: false
17:38:17.309 [FXGL Background Thread 3 ] DEBUG Engine               - isWindows: false
17:38:17.310 [FXGL Background Thread 3 ] DEBUG Engine               - language: ObjectProperty [value: ENGLISH]
17:38:17.310 [FXGL Background Thread 3 ] DEBUG Engine               - menuKey: ESCAPE
17:38:17.310 [FXGL Background Thread 3 ] DEBUG Engine               - mouseSensitivity: 0.2
17:38:17.310 [FXGL Background Thread 3 ] DEBUG Engine               - notificationViewClass: class com.almasb.fxgl.notification.view.XboxNotificationView
17:38:17.310 [FXGL Background Thread 3 ] DEBUG Engine               - pixelsPerMeter: 50.0
17:38:17.310 [FXGL Background Thread 3 ] DEBUG Engine               - platform: MAC
17:38:17.311 [FXGL Background Thread 3 ] DEBUG Engine               - prefHeightProperty: ReadOnlyDoubleProperty [value: 720.0]
17:38:17.311 [FXGL Background Thread 3 ] DEBUG Engine               - prefWidthProperty: ReadOnlyDoubleProperty [value: 1280.0]
17:38:17.311 [FXGL Background Thread 3 ] DEBUG Engine               - profileDir: profiles/
17:38:17.311 [FXGL Background Thread 3 ] DEBUG Engine               - profileName: StringProperty [value: DEFAULT]
17:38:17.311 [FXGL Background Thread 3 ] DEBUG Engine               - randomSeed: -1
17:38:17.312 [FXGL Background Thread 3 ] DEBUG Engine               - runtimeInfo: RuntimeInfo(platform=MAC, version=17.1, build=24.03.2022 17.34)
17:38:17.312 [FXGL Background Thread 3 ] DEBUG Engine               - saveFileExt: sav
17:38:17.312 [FXGL Background Thread 3 ] DEBUG Engine               - scaledHeightProp$fxgl: DoubleProperty [bound, value: 720.0]
17:38:17.313 [FXGL Background Thread 3 ] DEBUG Engine               - scaledWidthProp$fxgl: DoubleProperty [bound, value: 1280.0]
17:38:17.313 [FXGL Background Thread 3 ] DEBUG Engine               - sceneFactory: com.almasb.fxgl.app.scene.SceneFactory@695a31b3
17:38:17.313 [FXGL Background Thread 3 ] DEBUG Engine               - secondsIn24h: 60
17:38:17.313 [FXGL Background Thread 3 ] DEBUG Engine               - soundMenuBack: menu/back.wav
17:38:17.313 [FXGL Background Thread 3 ] DEBUG Engine               - soundMenuPress: menu/press.wav
17:38:17.313 [FXGL Background Thread 3 ] DEBUG Engine               - soundMenuSelect: menu/select.wav
17:38:17.313 [FXGL Background Thread 3 ] DEBUG Engine               - soundNotification: core/notification.wav
17:38:17.314 [FXGL Background Thread 3 ] DEBUG Engine               - stageStyle: DECORATED
17:38:17.314 [FXGL Background Thread 3 ] DEBUG Engine               - supportedLanguages: [ENGLISH, FRENCH, GERMAN, HUNGARIAN, RUSSIAN]
17:38:17.314 [FXGL Background Thread 3 ] DEBUG Engine               - ticksPerSecond: -1
17:38:17.314 [FXGL Background Thread 3 ] DEBUG Engine               - title: Untitled
17:38:17.314 [FXGL Background Thread 3 ] DEBUG Engine               - urlGithub: https://github.com/AlmasB/FXGL
17:38:17.314 [FXGL Background Thread 3 ] DEBUG Engine               - urlLeaderboard: http://fxgl-top.herokuapp.com/
17:38:17.314 [FXGL Background Thread 3 ] DEBUG Engine               - urlPOM: https://raw.githubusercontent.com/AlmasB/FXGL/release/README.md
17:38:17.314 [FXGL Background Thread 3 ] DEBUG Engine               - userAppClass: class de.prog2.uwu.Main
17:38:17.315 [FXGL Background Thread 3 ] DEBUG Engine               - version: 0.0
17:38:17.315 [FXGL Background Thread 3 ] DEBUG Engine               - versionCheckDays: 7
17:38:17.315 [FXGL Background Thread 3 ] DEBUG Engine               - width: 1280
17:38:17.315 [FXGL Background Thread 3 ] DEBUG Engine               - Logging services
17:38:17.315 [FXGL Background Thread 3 ] DEBUG Engine               - class com.almasb.fxgl.app.services.FXGLAssetLoaderService
17:38:17.315 [FXGL Background Thread 3 ] DEBUG Engine               - class com.almasb.fxgl.app.FXGLApplication$GameApplicationService
17:38:17.315 [FXGL Background Thread 3 ] DEBUG Engine               - class com.almasb.fxgl.app.services.FXGLDialogService
17:38:17.315 [FXGL Background Thread 3 ] DEBUG Engine               - class com.almasb.fxgl.app.services.IOTaskExecutorService
17:38:17.316 [FXGL Background Thread 3 ] DEBUG Engine               - class com.almasb.fxgl.io.FileSystemService
17:38:17.316 [FXGL Background Thread 3 ] DEBUG Engine               - class com.almasb.fxgl.localization.LocalizationService
17:38:17.318 [FXGL Background Thread 3 ] DEBUG Engine               - class com.almasb.fxgl.app.services.SystemBundleService
17:38:17.318 [FXGL Background Thread 3 ] DEBUG Engine               - class com.almasb.fxgl.profile.SaveLoadService
17:38:17.319 [FXGL Background Thread 3 ] DEBUG Engine               - class com.almasb.fxgl.ui.FXGLUIFactoryServiceProvider
17:38:17.319 [FXGL Background Thread 3 ] DEBUG Engine               - class com.almasb.fxgl.ui.FXGLDialogFactoryServiceProvider
17:38:17.319 [FXGL Background Thread 3 ] DEBUG Engine               - class com.almasb.fxgl.audio.AudioPlayer
17:38:17.319 [FXGL Background Thread 3 ] DEBUG Engine               - class com.almasb.fxgl.notification.impl.NotificationServiceProvider
17:38:17.320 [FXGL Background Thread 3 ] DEBUG Engine               - class com.almasb.fxgl.achievement.AchievementService
17:38:17.320 [FXGL Background Thread 3 ] DEBUG Engine               - class com.almasb.fxgl.cutscene.CutsceneService
17:38:17.320 [FXGL Background Thread 3 ] DEBUG Engine               - class com.almasb.fxgl.minigames.MiniGameService
17:38:17.320 [FXGL Background Thread 3 ] DEBUG Engine               - class com.almasb.fxgl.net.NetService
17:38:17.320 [FXGL Background Thread 3 ] DEBUG Engine               - class com.almasb.fxgl.app.services.UpdaterService
17:38:17.321 [FXGL Background Thread 3 ] DEBUG Engine               - class com.almasb.fxgl.dev.DevService
17:38:53.914 [JavaFX Application Thread] DEBUG FXGLApplication      - Exiting FXGL
17:38:53.914 [JavaFX Application Thread] DEBUG Async                - Shutting down background threads
17:38:53.915 [JavaFX Application Thread] DEBUG PrimaryStageWindow   - Closing main window
17:38:53.925 [JavaFX Application Thread] DEBUG Logger               - Closing Logger
