17:27:32.349 [main                     ] DEBUG Logger               - Configured Logger
17:27:32.424 [main                     ] DEBUG GameApplication      - Logging settings
Title: Untitled
Version: 0.0
Width: 1280
Height: 720
Fullscreen: false
Intro: false
Profiling: false
Single step:false
App Mode: DEVELOPER
Menu Key: ESCAPE
Stage Style: DECORATED
Scene Factory: class com.almasb.fxgl.app.scene.SceneFactory

17:27:33.780 [JavaFX Application Thread] DEBUG FXGLApplication      - Initializing FXGL
17:27:33.792 [JavaFX Application Thread] INFO  Engine               - FXGL-17.1 (24.03.2022 17.34) on MAC (J:17.0.3.1 FX:18)
17:27:33.793 [JavaFX Application Thread] DEBUG Engine               - JRE Vendor Name: Oracle Corporation
17:27:33.793 [JavaFX Application Thread] DEBUG Engine               - Running on OS: Mac OS X version 12.3.1
17:27:33.793 [JavaFX Application Thread] DEBUG Engine               - Architecture: x86_64
17:27:33.794 [JavaFX Application Thread] INFO  Engine               - Source code and latest versions at: https://github.com/AlmasB/FXGL
17:27:33.794 [JavaFX Application Thread] INFO  Engine               -       Ask questions and discuss at: https://github.com/AlmasB/FXGL/discussions
17:27:33.794 [JavaFX Application Thread] INFO  Engine               -              Join the FXGL chat at: https://gitter.im/AlmasB/FXGL
17:27:34.089 [JavaFX Application Thread] DEBUG PrimaryStageWindow   - Creating a JavaFX scene
17:27:34.298 [JavaFX Application Thread] DEBUG PrimaryStageWindow   - Target settings size: 1280.0 x 720.0
17:27:34.298 [JavaFX Application Thread] DEBUG PrimaryStageWindow   - Scaled scene size:    1280.0 x 720.0
17:27:34.299 [JavaFX Application Thread] DEBUG PrimaryStageWindow   - Scaled ratio: (1.0, 1.0)
17:27:34.301 [JavaFX Application Thread] DEBUG PrimaryStageWindow   - Set initial scene to FXGLStartupScene
17:27:34.314 [JavaFX Application Thread] DEBUG PrimaryStageWindow   - Opening main window
17:27:34.555 [JavaFX Application Thread] DEBUG PrimaryStageWindow   - Window border size: (0.0, 28.0)
17:27:34.556 [JavaFX Application Thread] DEBUG PrimaryStageWindow   - Scaled size: 1280.0 x 720.0
17:27:34.556 [JavaFX Application Thread] DEBUG PrimaryStageWindow   - Scaled ratio: (1.0, 1.0)
17:27:34.557 [JavaFX Application Thread] DEBUG PrimaryStageWindow   - Scene size: 1280.0 x 720.0
17:27:34.557 [JavaFX Application Thread] DEBUG PrimaryStageWindow   - Stage size: 1280.0 x 748.0
17:27:34.570 [FXGL Background Thread 1 ] DEBUG Engine               - Initializing environment variables
17:27:34.787 [FXGL Background Thread 1 ] DEBUG FXGLAssetLoaderServi - User app class for loading assets: class de.prog2.uwu.Main
17:27:34.787 [FXGL Background Thread 1 ] DEBUG GameApplicationServi - Applying CSS: fxgl_dark.css
17:27:34.790 [FXGL Background Thread 1 ] DEBUG FXGLAssetLoaderServi - Loading from file system: jar:file:/Users/mark/.m2/repository/com/github/almasb/fxgl/17.1/fxgl-17.1.jar!/fxglassets/ui/css/fxgl_dark.css
17:27:35.031 [FXGL Background Thread 1 ] DEBUG GameApplicationServi - Initializing application scenes
17:27:35.692 [FXGL Background Thread 1 ] DEBUG GameWorld            - Game world initialized
17:27:35.775 [FXGL Background Thread 1 ] DEBUG PhysicsWorld         - Physics world initialized: appHeight=720, physics.ppm=50,0
17:27:35.776 [FXGL Background Thread 1 ] DEBUG PhysicsWorld         - Using strategy: BRUTE_FORCE
17:27:35.781 [FXGL Background Thread 1 ] DEBUG GameScene            - Game scene initialized: 1280x720
17:27:35.797 [FXGL Background Thread 1 ] DEBUG FXGL.DefaultMenu     - createMenuBodyGameMenu()
17:27:35.825 [FXGL Background Thread 1 ] DEBUG FXGL.DefaultMenu     - createOptionsMenu()
17:27:35.844 [FXGL Background Thread 1 ] DEBUG FXGLAssetLoaderServi - Loading from file system: jar:file:/Users/mark/.m2/repository/com/github/almasb/fxgl/17.1/fxgl-17.1.jar!/fxglassets/textures/particles/smoke.png
17:27:36.030 [FXGL Background Thread 1 ] DEBUG FXGLAssetLoaderServi - Loading from file system: jar:file:/Users/mark/.m2/repository/com/github/almasb/fxgl/17.1/fxgl-17.1.jar!/fxglassets/textures/particles/trace_horizontal.png
17:27:36.089 [FXGL Background Thread 1 ] DEBUG GameApplicationServi - Application scenes initialized
17:27:36.114 [FXGL Background Thread 1 ] DEBUG SystemBundleService  - Loading FXGL system data
17:27:36.121 [FXGL Background Thread 1 ] DEBUG FileSystemAccess     - Reading from: /Users/mark/IdeaProjects/webetestin/system/fxgl.bundle
17:27:36.135 [FXGL Background Thread 1 ] DEBUG SystemBundleService  - Bundle FXGL: {}
17:27:36.135 [FXGL Background Thread 1 ] DEBUG UpdaterService       - Checking for updates
17:27:36.141 [FXGL Background Thread 4 ] DEBUG FXGLApplication      - Loading fonts
17:27:36.142 [FXGL Background Thread 4 ] DEBUG FXGLAssetLoaderServi - Loading from file system: jar:file:/Users/mark/.m2/repository/com/github/almasb/fxgl/17.1/fxgl-17.1.jar!/fxglassets/ui/fonts/VarelaRound-Regular.ttf
17:27:36.143 [FXGL Background Thread 1 ] DEBUG FXGLApplication      - Loading default localization
17:27:36.144 [FXGL Background Thread 1 ] DEBUG FXGLAssetLoaderServi - Loading from file system: jar:file:/Users/mark/.m2/repository/com/github/almasb/fxgl/17.1/fxgl-17.1.jar!/fxglassets/languages/english.lang
17:27:36.168 [FXGL Background Thread 1 ] INFO  FXGLApplication      - FXGL initialization took: 1,597 sec
17:27:36.169 [JavaFX Application Thread] DEBUG FXGLAssetLoaderServi - Loading from file system: jar:file:/Users/mark/.m2/repository/com/github/almasb/fxgl/17.1/fxgl-17.1.jar!/fxglassets/textures/fxgl_icon.png
17:27:36.241 [FXGL Background Thread 4 ] DEBUG FXGLAssetLoaderServi - Loading from file system: jar:file:/Users/mark/.m2/repository/com/github/almasb/fxgl/17.1/fxgl-17.1.jar!/fxglassets/ui/fonts/Abel-Regular.ttf
17:27:36.270 [JavaFX Application Thread] DEBUG FXGLAssetLoaderServi - Loading from file system: jar:file:/Users/mark/.m2/repository/com/github/almasb/fxgl/17.1/fxgl-17.1.jar!/fxglassets/textures/fxgl_default_cursor.png
17:27:36.273 [FXGL Background Thread 4 ] DEBUG FXGLAssetLoaderServi - Loading from file system: jar:file:/Users/mark/.m2/repository/com/github/almasb/fxgl/17.1/fxgl-17.1.jar!/fxglassets/ui/fonts/TerminalLandMono-Regular.otf
17:27:36.312 [FXGL Background Thread 4 ] DEBUG FXGLAssetLoaderServi - Loading from file system: jar:file:/Users/mark/.m2/repository/com/github/almasb/fxgl/17.1/fxgl-17.1.jar!/fxglassets/ui/fonts/Courier-Prime.ttf
17:27:36.329 [JavaFX Application Thread] DEBUG Input                - Registered new binding: Screenshot - CTRL+8
17:27:36.330 [JavaFX Application Thread] DEBUG Input                - Registered new binding: System info dump - CTRL+9
17:27:36.330 [JavaFX Application Thread] DEBUG Input                - Registered new binding: Restart - CTRL+R
17:27:36.331 [JavaFX Application Thread] DEBUG Input                - Registered new binding: Toggle Debug Camera - CTRL+7
17:27:36.333 [JavaFX Application Thread] DEBUG LoopRunner           - Starting loop
17:27:36.334 [JavaFX Application Thread] DEBUG LoopRunner           - Initializing JavaFX AnimationTimerLoop
17:27:36.335 [JavaFX Application Thread] DEBUG GameApplicationServi - Starting new game
17:27:36.336 [JavaFX Application Thread] DEBUG Input                - Clearing active input actions
17:27:36.352 [JavaFX Application Thread] DEBUG GameApplicationServi - Removing overlay from FXGLStartupScene and adding to FXGLLoadingScene
17:27:36.353 [JavaFX Application Thread] DEBUG PrimaryStageWindow   - FXGLStartupScene -> FXGLLoadingScene
17:27:36.353 [JavaFX Application Thread] DEBUG GameApplicationServi - Clearing previous game
17:27:36.353 [JavaFX Application Thread] DEBUG GameScene            - Clearing game scene
17:27:36.353 [JavaFX Application Thread] DEBUG GameWorld            - Clearing game world
17:27:36.354 [JavaFX Application Thread] DEBUG PhysicsWorld         - Clearing physics world
17:27:36.355 [FXGL Background Thread 4 ] DEBUG FXGLApplication      - Initializing game
17:27:36.406 [FXGL Background Thread 4 ] INFO  FXGLApplication      - Game initialization took: 0,051 sec
17:27:36.437 [JavaFX Application Thread] DEBUG FXGLApplication      - Registering font factories with UI factory
17:27:36.614 [JavaFX Application Thread] DEBUG Input                - Clearing active input actions
17:27:36.629 [JavaFX Application Thread] DEBUG GameApplicationServi - Removing overlay from FXGLLoadingScene and adding to GameScene
17:27:36.630 [JavaFX Application Thread] DEBUG PrimaryStageWindow   - FXGLLoadingScene -> GameScene
17:27:39.143 [FXGL Background Thread 3 ] DEBUG Engine               - Logging environment variables
17:27:39.145 [FXGL Background Thread 3 ] DEBUG Engine               - achievements: []
17:27:39.145 [FXGL Background Thread 3 ] DEBUG Engine               - actualHeight: 720.0
17:27:39.146 [FXGL Background Thread 3 ] DEBUG Engine               - actualHeightProperty: ReadOnlyDoubleProperty [value: 720.0]
17:27:39.146 [FXGL Background Thread 3 ] DEBUG Engine               - actualWidth: 1280.0
17:27:39.147 [FXGL Background Thread 3 ] DEBUG Engine               - actualWidthProperty: ReadOnlyDoubleProperty [value: 1280.0]
17:27:39.147 [FXGL Background Thread 3 ] DEBUG Engine               - appIcon: fxgl_icon.png
17:27:39.148 [FXGL Background Thread 3 ] DEBUG Engine               - applicationMode: DEVELOPER
17:27:39.148 [FXGL Background Thread 3 ] DEBUG Engine               - cSSList: [fxgl_dark.css]
17:27:39.148 [FXGL Background Thread 3 ] DEBUG Engine               - collisionDetectionStrategy: BRUTE_FORCE
17:27:39.149 [FXGL Background Thread 3 ] DEBUG Engine               - configClass: Optional.empty
17:27:39.149 [FXGL Background Thread 3 ] DEBUG Engine               - credits: []
17:27:39.150 [FXGL Background Thread 3 ] DEBUG Engine               - defaultCursor: CursorInfo(imageName=fxgl_default_cursor.png, hotspotX=7.0, hotspotY=6.0)
17:27:39.150 [FXGL Background Thread 3 ] DEBUG Engine               - devBBoxColorProperty: ObjectProperty [value: 0xff0000ff]
17:27:39.150 [FXGL Background Thread 3 ] DEBUG Engine               - devEnableDebugCameraProperty: BooleanProperty [value: false]
17:27:39.150 [FXGL Background Thread 3 ] DEBUG Engine               - devSensorColorProperty: ObjectProperty [value: 0xffff00ff]
17:27:39.150 [FXGL Background Thread 3 ] DEBUG Engine               - devShowBBoxProperty: BooleanProperty [value: false]
17:27:39.151 [FXGL Background Thread 3 ] DEBUG Engine               - devShowPositionProperty: BooleanProperty [value: false]
17:27:39.151 [FXGL Background Thread 3 ] DEBUG Engine               - enabledMenuItems: []
17:27:39.151 [FXGL Background Thread 3 ] DEBUG Engine               - engineServices: [class com.almasb.fxgl.app.services.FXGLAssetLoaderService, class com.almasb.fxgl.app.FXGLApplication$GameApplicationService, class com.almasb.fxgl.app.services.FXGLDialogService, class com.almasb.fxgl.app.services.IOTaskExecutorService, class com.almasb.fxgl.io.FileSystemService, class com.almasb.fxgl.localization.LocalizationService, class com.almasb.fxgl.app.services.SystemBundleService, class com.almasb.fxgl.profile.SaveLoadService, class com.almasb.fxgl.ui.FXGLUIFactoryServiceProvider, class com.almasb.fxgl.ui.FXGLDialogFactoryServiceProvider, class com.almasb.fxgl.audio.AudioPlayer, class com.almasb.fxgl.notification.impl.NotificationServiceProvider, class com.almasb.fxgl.achievement.AchievementService, class com.almasb.fxgl.cutscene.CutsceneService, class com.almasb.fxgl.minigames.MiniGameService, class com.almasb.fxgl.net.NetService, class com.almasb.fxgl.app.services.UpdaterService, class com.almasb.fxgl.dev.DevService]
17:27:39.151 [FXGL Background Thread 3 ] DEBUG Engine               - fontGame: Abel-Regular.ttf
17:27:39.151 [FXGL Background Thread 3 ] DEBUG Engine               - fontMono: TerminalLandMono-Regular.otf
17:27:39.151 [FXGL Background Thread 3 ] DEBUG Engine               - fontText: Courier-Prime.ttf
17:27:39.152 [FXGL Background Thread 3 ] DEBUG Engine               - fontUI: VarelaRound-Regular.ttf
17:27:39.152 [FXGL Background Thread 3 ] DEBUG Engine               - fullScreen: BooleanProperty [value: false]
17:27:39.152 [FXGL Background Thread 3 ] DEBUG Engine               - gameDifficulty: MEDIUM
17:27:39.152 [FXGL Background Thread 3 ] DEBUG Engine               - gameDifficultyProperty: ObjectProperty [value: MEDIUM]
17:27:39.152 [FXGL Background Thread 3 ] DEBUG Engine               - globalMusicVolume: 0.5
17:27:39.152 [FXGL Background Thread 3 ] DEBUG Engine               - globalMusicVolumeProperty: DoubleProperty [value: 0.5]
17:27:39.152 [FXGL Background Thread 3 ] DEBUG Engine               - globalSoundVolume: 0.5
17:27:39.153 [FXGL Background Thread 3 ] DEBUG Engine               - globalSoundVolumeProperty: DoubleProperty [value: 0.5]
17:27:39.153 [FXGL Background Thread 3 ] DEBUG Engine               - height: 720
17:27:39.153 [FXGL Background Thread 3 ] DEBUG Engine               - is3D: false
17:27:39.153 [FXGL Background Thread 3 ] DEBUG Engine               - isAndroid: false
17:27:39.153 [FXGL Background Thread 3 ] DEBUG Engine               - isBrowser: false
17:27:39.153 [FXGL Background Thread 3 ] DEBUG Engine               - isClickFeedbackEnabled: false
17:27:39.153 [FXGL Background Thread 3 ] DEBUG Engine               - isCloseConfirmation: false
17:27:39.153 [FXGL Background Thread 3 ] DEBUG Engine               - isDesktop: true
17:27:39.154 [FXGL Background Thread 3 ] DEBUG Engine               - isDeveloperMenuEnabled: false
17:27:39.154 [FXGL Background Thread 3 ] DEBUG Engine               - isEmbedded: false
17:27:39.154 [FXGL Background Thread 3 ] DEBUG Engine               - isEntityPreloadEnabled: true
17:27:39.154 [FXGL Background Thread 3 ] DEBUG Engine               - isExperimentalTiledLargeMap: false
17:27:39.154 [FXGL Background Thread 3 ] DEBUG Engine               - isFileSystemWriteAllowed: true
17:27:39.154 [FXGL Background Thread 3 ] DEBUG Engine               - isFullScreenAllowed: false
17:27:39.154 [FXGL Background Thread 3 ] DEBUG Engine               - isFullScreenFromStart: false
17:27:39.154 [FXGL Background Thread 3 ] DEBUG Engine               - isGameMenuEnabled: true
17:27:39.155 [FXGL Background Thread 3 ] DEBUG Engine               - isIOS: false
17:27:39.155 [FXGL Background Thread 3 ] DEBUG Engine               - isIntroEnabled: false
17:27:39.155 [FXGL Background Thread 3 ] DEBUG Engine               - isLinux: false
17:27:39.155 [FXGL Background Thread 3 ] DEBUG Engine               - isMac: true
17:27:39.155 [FXGL Background Thread 3 ] DEBUG Engine               - isMainMenuEnabled: false
17:27:39.156 [FXGL Background Thread 3 ] DEBUG Engine               - isManualResizeEnabled: false
17:27:39.156 [FXGL Background Thread 3 ] DEBUG Engine               - isMobile: false
17:27:39.156 [FXGL Background Thread 3 ] DEBUG Engine               - isNative: false
17:27:39.156 [FXGL Background Thread 3 ] DEBUG Engine               - isPauseMusicWhenMinimized: true
17:27:39.156 [FXGL Background Thread 3 ] DEBUG Engine               - isPreserveResizeRatio: false
17:27:39.156 [FXGL Background Thread 3 ] DEBUG Engine               - isProfilingEnabled: false
17:27:39.156 [FXGL Background Thread 3 ] DEBUG Engine               - isScaleAffectedOnResize: true
17:27:39.156 [FXGL Background Thread 3 ] DEBUG Engine               - isSingleStep: false
17:27:39.157 [FXGL Background Thread 3 ] DEBUG Engine               - isUserProfileEnabled: false
17:27:39.157 [FXGL Background Thread 3 ] DEBUG Engine               - isWindows: false
17:27:39.157 [FXGL Background Thread 3 ] DEBUG Engine               - language: ObjectProperty [value: ENGLISH]
17:27:39.157 [FXGL Background Thread 3 ] DEBUG Engine               - menuKey: ESCAPE
17:27:39.157 [FXGL Background Thread 3 ] DEBUG Engine               - mouseSensitivity: 0.2
17:27:39.157 [FXGL Background Thread 3 ] DEBUG Engine               - notificationViewClass: class com.almasb.fxgl.notification.view.XboxNotificationView
17:27:39.157 [FXGL Background Thread 3 ] DEBUG Engine               - pixelsPerMeter: 50.0
17:27:39.157 [FXGL Background Thread 3 ] DEBUG Engine               - platform: MAC
17:27:39.157 [FXGL Background Thread 3 ] DEBUG Engine               - prefHeightProperty: ReadOnlyDoubleProperty [value: 720.0]
17:27:39.158 [FXGL Background Thread 3 ] DEBUG Engine               - prefWidthProperty: ReadOnlyDoubleProperty [value: 1280.0]
17:27:39.158 [FXGL Background Thread 3 ] DEBUG Engine               - profileDir: profiles/
17:27:39.158 [FXGL Background Thread 3 ] DEBUG Engine               - profileName: StringProperty [value: DEFAULT]
17:27:39.158 [FXGL Background Thread 3 ] DEBUG Engine               - randomSeed: -1
17:27:39.158 [FXGL Background Thread 3 ] DEBUG Engine               - runtimeInfo: RuntimeInfo(platform=MAC, version=17.1, build=24.03.2022 17.34)
17:27:39.158 [FXGL Background Thread 3 ] DEBUG Engine               - saveFileExt: sav
17:27:39.159 [FXGL Background Thread 3 ] DEBUG Engine               - scaledHeightProp$fxgl: DoubleProperty [bound, value: 720.0]
17:27:39.159 [FXGL Background Thread 3 ] DEBUG Engine               - scaledWidthProp$fxgl: DoubleProperty [bound, value: 1280.0]
17:27:39.159 [FXGL Background Thread 3 ] DEBUG Engine               - sceneFactory: com.almasb.fxgl.app.scene.SceneFactory@133e705
17:27:39.159 [FXGL Background Thread 3 ] DEBUG Engine               - secondsIn24h: 60
17:27:39.159 [FXGL Background Thread 3 ] DEBUG Engine               - soundMenuBack: menu/back.wav
17:27:39.159 [FXGL Background Thread 3 ] DEBUG Engine               - soundMenuPress: menu/press.wav
17:27:39.159 [FXGL Background Thread 3 ] DEBUG Engine               - soundMenuSelect: menu/select.wav
17:27:39.159 [FXGL Background Thread 3 ] DEBUG Engine               - soundNotification: core/notification.wav
17:27:39.160 [FXGL Background Thread 3 ] DEBUG Engine               - stageStyle: DECORATED
17:27:39.160 [FXGL Background Thread 3 ] DEBUG Engine               - supportedLanguages: [ENGLISH, FRENCH, GERMAN, HUNGARIAN, RUSSIAN]
17:27:39.160 [FXGL Background Thread 3 ] DEBUG Engine               - ticksPerSecond: -1
17:27:39.160 [FXGL Background Thread 3 ] DEBUG Engine               - title: Untitled
17:27:39.160 [FXGL Background Thread 3 ] DEBUG Engine               - urlGithub: https://github.com/AlmasB/FXGL
17:27:39.160 [FXGL Background Thread 3 ] DEBUG Engine               - urlLeaderboard: http://fxgl-top.herokuapp.com/
17:27:39.160 [FXGL Background Thread 3 ] DEBUG Engine               - urlPOM: https://raw.githubusercontent.com/AlmasB/FXGL/release/README.md
17:27:39.160 [FXGL Background Thread 3 ] DEBUG Engine               - userAppClass: class de.prog2.uwu.Main
17:27:39.160 [FXGL Background Thread 3 ] DEBUG Engine               - version: 0.0
17:27:39.161 [FXGL Background Thread 3 ] DEBUG Engine               - versionCheckDays: 7
17:27:39.161 [FXGL Background Thread 3 ] DEBUG Engine               - width: 1280
17:27:39.161 [FXGL Background Thread 3 ] DEBUG Engine               - Logging services
17:27:39.161 [FXGL Background Thread 3 ] DEBUG Engine               - class com.almasb.fxgl.app.services.FXGLAssetLoaderService
17:27:39.161 [FXGL Background Thread 3 ] DEBUG Engine               - class com.almasb.fxgl.app.FXGLApplication$GameApplicationService
17:27:39.161 [FXGL Background Thread 3 ] DEBUG Engine               - class com.almasb.fxgl.app.services.FXGLDialogService
17:27:39.161 [FXGL Background Thread 3 ] DEBUG Engine               - class com.almasb.fxgl.app.services.IOTaskExecutorService
17:27:39.161 [FXGL Background Thread 3 ] DEBUG Engine               - class com.almasb.fxgl.io.FileSystemService
17:27:39.161 [FXGL Background Thread 3 ] DEBUG Engine               - class com.almasb.fxgl.localization.LocalizationService
17:27:39.162 [FXGL Background Thread 3 ] DEBUG Engine               - class com.almasb.fxgl.app.services.SystemBundleService
17:27:39.162 [FXGL Background Thread 3 ] DEBUG Engine               - class com.almasb.fxgl.profile.SaveLoadService
17:27:39.162 [FXGL Background Thread 3 ] DEBUG Engine               - class com.almasb.fxgl.ui.FXGLUIFactoryServiceProvider
17:27:39.162 [FXGL Background Thread 3 ] DEBUG Engine               - class com.almasb.fxgl.ui.FXGLDialogFactoryServiceProvider
17:27:39.162 [FXGL Background Thread 3 ] DEBUG Engine               - class com.almasb.fxgl.audio.AudioPlayer
17:27:39.162 [FXGL Background Thread 3 ] DEBUG Engine               - class com.almasb.fxgl.notification.impl.NotificationServiceProvider
17:27:39.162 [FXGL Background Thread 3 ] DEBUG Engine               - class com.almasb.fxgl.achievement.AchievementService
17:27:39.162 [FXGL Background Thread 3 ] DEBUG Engine               - class com.almasb.fxgl.cutscene.CutsceneService
17:27:39.162 [FXGL Background Thread 3 ] DEBUG Engine               - class com.almasb.fxgl.minigames.MiniGameService
17:27:39.162 [FXGL Background Thread 3 ] DEBUG Engine               - class com.almasb.fxgl.net.NetService
17:27:39.162 [FXGL Background Thread 3 ] DEBUG Engine               - class com.almasb.fxgl.app.services.UpdaterService
17:27:39.163 [FXGL Background Thread 3 ] DEBUG Engine               - class com.almasb.fxgl.dev.DevService
17:27:40.473 [JavaFX Application Thread] DEBUG FXGLApplication      - Exiting FXGL
17:27:40.473 [JavaFX Application Thread] DEBUG LoopRunner           - Stopping loop
17:27:40.474 [JavaFX Application Thread] DEBUG SystemBundleService  - Saving FXGL system data
17:27:40.479 [JavaFX Application Thread] DEBUG FileSystemAccess     - Writing to: /Users/mark/IdeaProjects/webetestin/system/fxgl.bundle
17:27:40.481 [JavaFX Application Thread] DEBUG Async                - Shutting down background threads
17:27:40.481 [JavaFX Application Thread] DEBUG PrimaryStageWindow   - Closing main window
17:27:40.491 [JavaFX Application Thread] DEBUG Logger               - Closing Logger
